Log file open, 12/14/21 16:36:13
LogWindows: Failed to load 'aqProf.dll' (GetLastError=126)
LogWindows: File 'aqProf.dll' does not exist
LogWindows: Failed to load 'VtuneApi.dll' (GetLastError=126)
LogWindows: File 'VtuneApi.dll' does not exist
LogWindows: Failed to load 'VtuneApi32e.dll' (GetLastError=126)
LogWindows: File 'VtuneApi32e.dll' does not exist
LogConsoleResponse: Display: Failed to find resolution value strings in scalability ini. Falling back to default.
LogConsoleResponse: Display: Failed to find resolution value strings in scalability ini. Falling back to default.
LogInit: Display: Running engine for game: MarbleRun
LogInit: Display: Project file not found: ../../../MarbleRun/MarbleRun.uproject
LogInit: Display: 	Attempting to find via project info helper.
LogUProjectInfo: Found projects:
LogPakFile: Display: Found Pak file ../../../MarbleRun/Content/Paks/MarbleRun-WindowsNoEditor.pak attempting to mount.
LogPakFile: Display: Mounting pak file ../../../MarbleRun/Content/Paks/MarbleRun-WindowsNoEditor.pak.
LogPakFile: PakFile PrimaryIndexSize=26662
LogPakFile: PakFile PathHashIndexSize=45322
LogPakFile: PakFile FullDirectoryIndexSize=56225
LogShaderLibrary: Display: ShaderCodeLibraryPakFileMountedCallback: PakFile '../../../MarbleRun/Content/Paks/MarbleRun-WindowsNoEditor.pak' (chunk index -1, root '../../../') mounted
LogShaderLibrary: Display: ShaderCodeLibraryPakFileMountedCallback: pending pak file info (ChunkID:-1 Root:../../../ File:../../../MarbleRun/Content/Paks/MarbleRun-WindowsNoEditor.pak)
LogPakFile: OnPakFileMounted2Time == 0.000040
LogPlatformFile: Not using cached read wrapper
LogTaskGraph: Started task graph with 5 named threads and 14 total threads with 3 sets of task threads.
LogStats: Stats thread started at 0.105805
LogICUInternationalization: ICU TimeZone Detection - Raw Offset: +5:30, Platform Override: ''
LogInit: Display: Loading text-based GConfig....
LogPluginManager: Mounting plugin Paper2D
LogPluginManager: Mounting plugin AISupport
LogPluginManager: Mounting plugin EnvironmentQueryEditor
LogPluginManager: Mounting plugin LightPropagationVolume
LogPluginManager: Mounting plugin CameraShakePreviewer
LogPluginManager: Mounting plugin GameplayCameras
LogPluginManager: Mounting plugin TemplateSequence
LogPluginManager: Mounting plugin LevelSequenceEditor
LogPluginManager: Mounting plugin OodleData
LogPluginManager: Mounting plugin OodleNetwork
LogPluginManager: Mounting plugin AnimationSharing
LogPluginManager: Mounting plugin SignificanceManager
LogPluginManager: Mounting plugin PixWinPlugin
LogPluginManager: Mounting plugin PluginUtils
LogPluginManager: Mounting plugin PropertyAccessEditor
LogPluginManager: Mounting plugin UObjectPlugin
LogPluginManager: Mounting plugin AssetManagerEditor
LogPluginManager: Mounting plugin FacialAnimation
LogPluginManager: Mounting plugin GeometryMode
LogPluginManager: Mounting plugin SpeedTreeImporter
LogPluginManager: Mounting plugin DatasmithContent
LogPluginManager: Mounting plugin VariantManagerContent
LogPluginManager: Mounting plugin AlembicImporter
LogPluginManager: Mounting plugin GeometryCache
LogPluginManager: Mounting plugin AutomationUtils
LogPluginManager: Mounting plugin ScreenshotTools
LogPluginManager: Mounting plugin BackChannel
LogPluginManager: Mounting plugin ChaosClothEditor
LogPluginManager: Mounting plugin ChaosCloth
LogPluginManager: Mounting plugin ChaosEditor
LogPluginManager: Mounting plugin PlanarCut
LogPluginManager: Mounting plugin GeometryProcessing
LogPluginManager: Mounting plugin EditableMesh
LogPluginManager: Mounting plugin GeometryCollectionPlugin
LogPluginManager: Mounting plugin ProceduralMeshComponent
LogPluginManager: Mounting plugin ChaosSolverPlugin
LogPluginManager: Mounting plugin ChaosNiagara
LogPluginManager: Mounting plugin Niagara
LogPluginManager: Mounting plugin PythonScriptPlugin
LogPluginManager: Mounting plugin CharacterAI
LogPluginManager: Mounting plugin MotoSynth
LogPluginManager: Mounting plugin OpenImageDenoise
LogPluginManager: Mounting plugin PlatformCrypto
LogPluginManager: Mounting plugin MagicLeapPassableWorld
LogPluginManager: Mounting plugin MagicLeap
LogPluginManager: Mounting plugin MLSDK
LogPluginManager: Mounting plugin MagicLeapLightEstimation
LogPluginManager: Mounting plugin AvfMedia
LogPluginManager: Mounting plugin ImgMedia
LogPluginManager: Mounting plugin MediaCompositing
LogPluginManager: Mounting plugin WmfMedia
LogPluginManager: Mounting plugin MeshPainting
LogPluginManager: Mounting plugin TcpMessaging
LogPluginManager: Mounting plugin UdpMessaging
LogPluginManager: Mounting plugin ActorSequence
LogPluginManager: Mounting plugin MatineeToLevelSequence
LogPluginManager: Mounting plugin OnlineSubsystemNull
LogPluginManager: Mounting plugin OnlineSubsystem
LogPluginManager: Mounting plugin OnlineSubsystemUtils
LogPluginManager: Mounting plugin LauncherChunkInstaller
LogPluginManager: Mounting plugin ActorLayerUtilities
LogPluginManager: Mounting plugin AndroidPermission
LogPluginManager: Mounting plugin AppleImageUtils
LogPluginManager: Mounting plugin ArchVisCharacter
LogPluginManager: Mounting plugin AssetTags
LogPluginManager: Mounting plugin AudioCapture
LogPluginManager: Mounting plugin CableComponent
LogPluginManager: Mounting plugin ChunkDownloader
LogPluginManager: Mounting plugin CustomMeshComponent
LogPluginManager: Mounting plugin ExampleDeviceProfileSelector
LogPluginManager: Mounting plugin GooglePAD
LogPluginManager: Mounting plugin LocationServicesBPLibrary
LogPluginManager: Mounting plugin MobilePatchingUtils
LogPluginManager: Mounting plugin OculusVR
LogPluginManager: Mounting plugin OpenXREyeTracker
LogPluginManager: Mounting plugin OpenXR
LogPluginManager: Mounting plugin OpenXRHandTracking
LogPluginManager: Mounting plugin LiveLink
LogPluginManager: Mounting plugin Takes
LogPluginManager: Mounting plugin PhysXVehicles
LogPluginManager: Mounting plugin RuntimePhysXCooking
LogPluginManager: Mounting plugin SoundFields
LogPluginManager: Mounting plugin SteamVR
LogPluginManager: Mounting plugin Synthesis
LogPluginManager: Mounting plugin AudioSynesthesia
LogPluginManager: Mounting plugin WebMMoviePlayer
LogPluginManager: Mounting plugin WebMMedia
LogPluginManager: Mounting plugin WindowsMoviePlayer
PixWinPlugin: PIX capture plugin failed to initialize! Check that the process is launched from PIX.
LogLuminAPIImpl: Warning: MLSDK not found.  This likely means the MLSDK environment variable is not set.
LogInit: Using libcurl 7.55.1-DEV
LogInit:  - built for x86_64-pc-win32
LogInit:  - supports SSL with OpenSSL/1.1.1
LogInit:  - supports HTTP deflate (compression) using libz 1.2.8
LogInit:  - other features:
LogInit:      CURL_VERSION_SSL
LogInit:      CURL_VERSION_LIBZ
LogInit:      CURL_VERSION_IPV6
LogInit:      CURL_VERSION_ASYNCHDNS
LogInit:      CURL_VERSION_LARGEFILE
LogInit:      CURL_VERSION_IDN
LogInit:  CurlRequestOptions (configurable via config and command line):
LogInit:  - bVerifyPeer = true  - Libcurl will verify peer certificate
LogInit:  - bUseHttpProxy = false  - Libcurl will NOT use HTTP proxy
LogInit:  - bDontReuseConnections = false  - Libcurl will reuse connections
LogInit:  - MaxHostConnections = 16  - Libcurl will limit the number of connections to a host
LogInit:  - LocalHostAddr = Default
LogInit:  - BufferSize = 65536
LogOnline: OSS: Creating online subsystem instance for: NULL
LogInit: WinSock: version 1.1 (2.2), MaxSocks=32767, MaxUdp=65467
LogOnline: OSS: TryLoadSubsystemAndSetDefault: Loaded subsystem for module [NULL]
LogOculusPluginWrapper: OculusPlugin initialized successfully
LogHMD: Failed initializing OVRPlugin 1.59.0
LogInit: Build: ++UE4+Release-4.27-CL-18319896
LogInit: Engine Version: 4.27.2-18319896+++UE4+Release-4.27
LogInit: Compatible Engine Version: 4.27.0-17155196+++UE4+Release-4.27
LogInit: Net CL: 17155196
LogInit: OS: Windows 10 (Release 1909) (), CPU: Intel(R) Core(TM) i7-7820HQ CPU @ 2.90GHz, GPU: NVIDIA Quadro P5000
LogInit: Compiled (64-bit): Nov 30 2021 07:26:28
LogInit: Compiled with Visual C++: 19.16.27032.01
LogInit: Build Configuration: Development
LogInit: Branch Name: ++UE4+Release-4.27
LogInit: Command Line: 
LogInit: Base Directory: C:/Users/VD4SAL5/Desktop/cdive/UnrealEngine-Masterclass/MarbleRun/Build/WindowsNoEditor/Engine/Binaries/Win64/
LogInit: Allocator: binned2
LogInit: Installed Engine Build: 0
LogDevObjectVersion: Number of dev versions registered: 29
LogDevObjectVersion:   Dev-Blueprints (B0D832E4-1F89-4F0D-ACCF-7EB736FD4AA2): 10
LogDevObjectVersion:   Dev-Build (E1C64328-A22C-4D53-A36C-8E866417BD8C): 0
LogDevObjectVersion:   Dev-Core (375EC13C-06E4-48FB-B500-84F0262A717E): 4
LogDevObjectVersion:   Dev-Editor (E4B068ED-F494-42E9-A231-DA0B2E46BB41): 40
LogDevObjectVersion:   Dev-Framework (CFFC743F-43B0-4480-9391-14DF171D2073): 37
LogDevObjectVersion:   Dev-Mobile (B02B49B5-BB20-44E9-A304-32B752E40360): 3
LogDevObjectVersion:   Dev-Networking (A4E4105C-59A1-49B5-A7C5-40C4547EDFEE): 0
LogDevObjectVersion:   Dev-Online (39C831C9-5AE6-47DC-9A44-9C173E1C8E7C): 0
LogDevObjectVersion:   Dev-Physics (78F01B33-EBEA-4F98-B9B4-84EACCB95AA2): 14
LogDevObjectVersion:   Dev-Platform (6631380F-2D4D-43E0-8009-CF276956A95A): 0
LogDevObjectVersion:   Dev-Rendering (12F88B9F-8875-4AFC-A67C-D90C383ABD29): 45
LogDevObjectVersion:   Dev-Sequencer (7B5AE74C-D270-4C10-A958-57980B212A5A): 13
LogDevObjectVersion:   Dev-VR (D7296918-1DD6-4BDD-9DE2-64A83CC13884): 3
LogDevObjectVersion:   Dev-LoadTimes (C2A15278-BFE7-4AFE-6C17-90FF531DF755): 1
LogDevObjectVersion:   Private-Geometry (6EACA3D4-40EC-4CC1-B786-8BED09428FC5): 3
LogDevObjectVersion:   Dev-AnimPhys (29E575DD-E0A3-4627-9D10-D276232CDCEA): 17
LogDevObjectVersion:   Dev-Anim (AF43A65D-7FD3-4947-9873-3E8ED9C1BB05): 15
LogDevObjectVersion:   Dev-ReflectionCapture (6B266CEC-1EC7-4B8F-A30B-E4D90942FC07): 1
LogDevObjectVersion:   Dev-Automation (0DF73D61-A23F-47EA-B727-89E90C41499A): 1
LogDevObjectVersion:   FortniteMain (601D1886-AC64-4F84-AA16-D3DE0DEAC7D6): 47
LogDevObjectVersion:   FortniteRelease (E7086368-6B23-4C58-8439-1B7016265E91): 1
LogDevObjectVersion:   Dev-Enterprise (9DFFBCD6-494F-0158-E221-12823C92A888): 10
LogDevObjectVersion:   Dev-Niagara (F2AED0AC-9AFE-416F-8664-AA7FFA26D6FC): 1
LogDevObjectVersion:   Dev-Destruction (174F1F0B-B4C6-45A5-B13F-2EE8D0FB917D): 10
LogDevObjectVersion:   Dev-Physics-Ext (35F94A83-E258-406C-A318-09F59610247C): 41
LogDevObjectVersion:   Dev-PhysicsMaterial-Chaos (B68FC16E-8B1B-42E2-B453-215C058844FE): 1
LogDevObjectVersion:   Dev-CineCamera (B2E18506-4273-CFC2-A54E-F4BB758BBA07): 1
LogDevObjectVersion:   Dev-VirtualProduction (64F58936-FD1B-42BA-BA96-7289D5D0FA4E): 1
LogDevObjectVersion:   Dev-MediaFramework (6F0ED827-A609-4895-9C91-998D90180EA4): 2
LogInit: Presizing for max 2097152 objects, including 1 objects not considered by GC, pre-allocating 0 bytes for permanent pool.
LogConfig: Applying CVar settings from Section [/Script/Engine.StreamingSettings] File [../../../MarbleRun/Saved/Config/WindowsNoEditor/Engine.ini]
LogConfig: Setting CVar [[s.MinBulkDataSizeForAsyncLoading:131072]]
LogConfig: Setting CVar [[s.AsyncLoadingThreadEnabled:0]]
LogConfig: Setting CVar [[s.EventDrivenLoaderEnabled:1]]
LogConfig: Setting CVar [[s.WarnIfTimeLimitExceeded:0]]
LogConfig: Setting CVar [[s.TimeLimitExceededMultiplier:1.5]]
LogConfig: Setting CVar [[s.TimeLimitExceededMinTime:0.005]]
LogConfig: Setting CVar [[s.UseBackgroundLevelStreaming:1]]
LogConfig: Setting CVar [[s.PriorityAsyncLoadingExtraTime:15.0]]
LogConfig: Setting CVar [[s.LevelStreamingActorsUpdateTimeLimit:5.0]]
LogConfig: Setting CVar [[s.PriorityLevelStreamingActorsUpdateExtraTime:5.0]]
LogConfig: Setting CVar [[s.LevelStreamingComponentsRegistrationGranularity:10]]
LogConfig: Setting CVar [[s.UnregisterComponentsTimeLimit:1.0]]
LogConfig: Setting CVar [[s.LevelStreamingComponentsUnregistrationGranularity:5]]
LogConfig: Setting CVar [[s.FlushStreamingOnExit:1]]
LogStreaming: Display: Async Loading initialized: Event Driven Loader: true, Async Loading Thread: false, Async Post Load: true
LogInit: Object subsystem initialized
LogConfig: Setting CVar [[con.DebugEarlyDefault:1]]
LogConfig: Setting CVar [[r.setres:1280x720]]
LogConfig: Setting CVar [[fx.NiagaraAllowRuntimeScalabilityChanges:1]]
[2021.12.14-11.06.13:640][  0]LogConfig: Setting CVar [[con.DebugEarlyDefault:1]]
[2021.12.14-11.06.13:640][  0]LogConfig: Setting CVar [[r.setres:1280x720]]
[2021.12.14-11.06.13:640][  0]LogConfig: Setting CVar [[fx.NiagaraAllowRuntimeScalabilityChanges:1]]
[2021.12.14-11.06.13:640][  0]LogConfig: Applying CVar settings from Section [/Script/Engine.RendererSettings] File [../../../MarbleRun/Saved/Config/WindowsNoEditor/Engine.ini]
[2021.12.14-11.06.13:640][  0]LogConfig: Setting CVar [[r.GPUCrashDebugging:0]]
[2021.12.14-11.06.13:640][  0]LogConfig: Applying CVar settings from Section [/Script/Engine.RendererOverrideSettings] File [../../../MarbleRun/Saved/Config/WindowsNoEditor/Engine.ini]
[2021.12.14-11.06.13:641][  0]LogConfig: Applying CVar settings from Section [/Script/Engine.StreamingSettings] File [../../../MarbleRun/Saved/Config/WindowsNoEditor/Engine.ini]
[2021.12.14-11.06.13:641][  0]LogConfig: Setting CVar [[s.MinBulkDataSizeForAsyncLoading:131072]]
[2021.12.14-11.06.13:641][  0]LogConfig: Setting CVar [[s.AsyncLoadingThreadEnabled:0]]
[2021.12.14-11.06.13:641][  0]LogConfig: Setting CVar [[s.EventDrivenLoaderEnabled:1]]
[2021.12.14-11.06.13:641][  0]LogConfig: Setting CVar [[s.WarnIfTimeLimitExceeded:0]]
[2021.12.14-11.06.13:641][  0]LogConfig: Setting CVar [[s.TimeLimitExceededMultiplier:1.5]]
[2021.12.14-11.06.13:641][  0]LogConfig: Setting CVar [[s.TimeLimitExceededMinTime:0.005]]
[2021.12.14-11.06.13:641][  0]LogConfig: Setting CVar [[s.UseBackgroundLevelStreaming:1]]
[2021.12.14-11.06.13:641][  0]LogConfig: Setting CVar [[s.PriorityAsyncLoadingExtraTime:15.0]]
[2021.12.14-11.06.13:641][  0]LogConfig: Setting CVar [[s.LevelStreamingActorsUpdateTimeLimit:5.0]]
[2021.12.14-11.06.13:641][  0]LogConfig: Setting CVar [[s.PriorityLevelStreamingActorsUpdateExtraTime:5.0]]
[2021.12.14-11.06.13:641][  0]LogConfig: Setting CVar [[s.LevelStreamingComponentsRegistrationGranularity:10]]
[2021.12.14-11.06.13:641][  0]LogConfig: Setting CVar [[s.UnregisterComponentsTimeLimit:1.0]]
[2021.12.14-11.06.13:641][  0]LogConfig: Setting CVar [[s.LevelStreamingComponentsUnregistrationGranularity:5]]
[2021.12.14-11.06.13:641][  0]LogConfig: Setting CVar [[s.FlushStreamingOnExit:1]]
[2021.12.14-11.06.13:641][  0]LogConfig: Applying CVar settings from Section [/Script/Engine.GarbageCollectionSettings] File [../../../MarbleRun/Saved/Config/WindowsNoEditor/Engine.ini]
[2021.12.14-11.06.13:641][  0]LogConfig: Setting CVar [[gc.MaxObjectsNotConsideredByGC:1]]
[2021.12.14-11.06.13:641][  0]LogConfig: Setting CVar [[gc.SizeOfPermanentObjectPool:0]]
[2021.12.14-11.06.13:641][  0]LogConfig: Setting CVar [[gc.FlushStreamingOnGC:0]]
[2021.12.14-11.06.13:641][  0]LogConfig: Setting CVar [[gc.NumRetriesBeforeForcingGC:10]]
[2021.12.14-11.06.13:641][  0]LogConfig: Setting CVar [[gc.AllowParallelGC:1]]
[2021.12.14-11.06.13:641][  0]LogConfig: Setting CVar [[gc.TimeBetweenPurgingPendingKillObjects:61.1]]
[2021.12.14-11.06.13:641][  0]LogConfig: Setting CVar [[gc.MaxObjectsInEditor:25165824]]
[2021.12.14-11.06.13:641][  0]LogConfig: Setting CVar [[gc.IncrementalBeginDestroyEnabled:1]]
[2021.12.14-11.06.13:641][  0]LogConfig: Setting CVar [[gc.CreateGCClusters:1]]
[2021.12.14-11.06.13:641][  0]LogConfig: Setting CVar [[gc.MinGCClusterSize:5]]
[2021.12.14-11.06.13:641][  0]LogConfig: Setting CVar [[gc.ActorClusteringEnabled:0]]
[2021.12.14-11.06.13:641][  0]LogConfig: Setting CVar [[gc.BlueprintClusteringEnabled:0]]
[2021.12.14-11.06.13:641][  0]LogConfig: Setting CVar [[gc.UseDisregardForGCOnDedicatedServers:0]]
[2021.12.14-11.06.13:641][  0]LogConfig: Setting CVar [[gc.MultithreadedDestructionEnabled:1]]
[2021.12.14-11.06.13:641][  0]LogConfig: Applying CVar settings from Section [/Script/Engine.NetworkSettings] File [../../../MarbleRun/Saved/Config/WindowsNoEditor/Engine.ini]
[2021.12.14-11.06.13:663][  0]LogConfig: Applying CVar settings from Section [ViewDistanceQuality@3] File [../../../MarbleRun/Saved/Config/WindowsNoEditor/Scalability.ini]
[2021.12.14-11.06.13:663][  0]LogConfig: Setting CVar [[r.SkeletalMeshLODBias:0]]
[2021.12.14-11.06.13:663][  0]LogConfig: Setting CVar [[r.ViewDistanceScale:1.0]]
[2021.12.14-11.06.13:663][  0]LogConfig: Applying CVar settings from Section [AntiAliasingQuality@3] File [../../../MarbleRun/Saved/Config/WindowsNoEditor/Scalability.ini]
[2021.12.14-11.06.13:663][  0]LogConfig: Setting CVar [[r.PostProcessAAQuality:4]]
[2021.12.14-11.06.13:663][  0]LogConfig: Applying CVar settings from Section [ShadowQuality@3] File [../../../MarbleRun/Saved/Config/WindowsNoEditor/Scalability.ini]
[2021.12.14-11.06.13:663][  0]LogConfig: Setting CVar [[r.LightFunctionQuality:1]]
[2021.12.14-11.06.13:663][  0]LogConfig: Setting CVar [[r.ShadowQuality:5]]
[2021.12.14-11.06.13:663][  0]LogConfig: Setting CVar [[r.Shadow.CSM.MaxCascades:10]]
[2021.12.14-11.06.13:663][  0]LogConfig: Setting CVar [[r.Shadow.MaxResolution:2048]]
[2021.12.14-11.06.13:663][  0]LogConfig: Setting CVar [[r.Shadow.MaxCSMResolution:2048]]
[2021.12.14-11.06.13:663][  0]LogConfig: Setting CVar [[r.Shadow.RadiusThreshold:0.01]]
[2021.12.14-11.06.13:663][  0]LogConfig: Setting CVar [[r.Shadow.DistanceScale:1.0]]
[2021.12.14-11.06.13:663][  0]LogConfig: Setting CVar [[r.Shadow.CSM.TransitionScale:1.0]]
[2021.12.14-11.06.13:663][  0]LogConfig: Setting CVar [[r.Shadow.PreShadowResolutionFactor:1.0]]
[2021.12.14-11.06.13:663][  0]LogConfig: Setting CVar [[r.DistanceFieldShadowing:1]]
[2021.12.14-11.06.13:663][  0]LogConfig: Setting CVar [[r.DistanceFieldAO:1]]
[2021.12.14-11.06.13:663][  0]LogConfig: Setting CVar [[r.AOQuality:2]]
[2021.12.14-11.06.13:663][  0]LogConfig: Setting CVar [[r.VolumetricFog:1]]
[2021.12.14-11.06.13:663][  0]LogConfig: Setting CVar [[r.VolumetricFog.GridPixelSize:8]]
[2021.12.14-11.06.13:663][  0]LogConfig: Setting CVar [[r.VolumetricFog.GridSizeZ:128]]
[2021.12.14-11.06.13:663][  0]LogConfig: Setting CVar [[r.VolumetricFog.HistoryMissSupersampleCount:4]]
[2021.12.14-11.06.13:663][  0]LogConfig: Setting CVar [[r.LightMaxDrawDistanceScale:1]]
[2021.12.14-11.06.13:663][  0]LogConfig: Setting CVar [[r.CapsuleShadows:1]]
[2021.12.14-11.06.13:663][  0]LogConfig: Applying CVar settings from Section [PostProcessQuality@3] File [../../../MarbleRun/Saved/Config/WindowsNoEditor/Scalability.ini]
[2021.12.14-11.06.13:663][  0]LogConfig: Setting CVar [[r.MotionBlurQuality:4]]
[2021.12.14-11.06.13:663][  0]LogConfig: Setting CVar [[r.AmbientOcclusionMipLevelFactor:0.4]]
[2021.12.14-11.06.13:663][  0]LogConfig: Setting CVar [[r.AmbientOcclusionMaxQuality:100]]
[2021.12.14-11.06.13:663][  0]LogConfig: Setting CVar [[r.AmbientOcclusionLevels:-1]]
[2021.12.14-11.06.13:663][  0]LogConfig: Setting CVar [[r.AmbientOcclusionRadiusScale:1.0]]
[2021.12.14-11.06.13:663][  0]LogConfig: Setting CVar [[r.DepthOfFieldQuality:2]]
[2021.12.14-11.06.13:663][  0]LogConfig: Setting CVar [[r.RenderTargetPoolMin:400]]
[2021.12.14-11.06.13:663][  0]LogConfig: Setting CVar [[r.LensFlareQuality:2]]
[2021.12.14-11.06.13:663][  0]LogConfig: Setting CVar [[r.SceneColorFringeQuality:1]]
[2021.12.14-11.06.13:663][  0]LogConfig: Setting CVar [[r.EyeAdaptationQuality:2]]
[2021.12.14-11.06.13:663][  0]LogConfig: Setting CVar [[r.BloomQuality:5]]
[2021.12.14-11.06.13:663][  0]LogConfig: Setting CVar [[r.FastBlurThreshold:100]]
[2021.12.14-11.06.13:663][  0]LogConfig: Setting CVar [[r.Upscale.Quality:3]]
[2021.12.14-11.06.13:663][  0]LogConfig: Setting CVar [[r.Tonemapper.GrainQuantization:1]]
[2021.12.14-11.06.13:663][  0]LogConfig: Setting CVar [[r.LightShaftQuality:1]]
[2021.12.14-11.06.13:663][  0]LogConfig: Setting CVar [[r.Filter.SizeScale:1]]
[2021.12.14-11.06.13:663][  0]LogConfig: Setting CVar [[r.Tonemapper.Quality:5]]
[2021.12.14-11.06.13:663][  0]LogConfig: Setting CVar [[r.DOF.Gather.AccumulatorQuality:1        ; higher gathering accumulator quality]]
[2021.12.14-11.06.13:663][  0]LogConfig: Setting CVar [[r.DOF.Gather.PostfilterMethod:1          ; Median3x3 postfilering method]]
[2021.12.14-11.06.13:663][  0]LogConfig: Setting CVar [[r.DOF.Gather.EnableBokehSettings:0       ; no bokeh simulation when gathering]]
[2021.12.14-11.06.13:663][  0]LogConfig: Setting CVar [[r.DOF.Gather.RingCount:4                 ; medium number of samples when gathering]]
[2021.12.14-11.06.13:663][  0]LogConfig: Setting CVar [[r.DOF.Scatter.ForegroundCompositing:1    ; additive foreground scattering]]
[2021.12.14-11.06.13:663][  0]LogConfig: Setting CVar [[r.DOF.Scatter.BackgroundCompositing:2    ; additive background scattering]]
[2021.12.14-11.06.13:663][  0]LogConfig: Setting CVar [[r.DOF.Scatter.EnableBokehSettings:1      ; bokeh simulation when scattering]]
[2021.12.14-11.06.13:663][  0]LogConfig: Setting CVar [[r.DOF.Scatter.MaxSpriteRatio:0.1         ; only a maximum of 10% of scattered bokeh]]
[2021.12.14-11.06.13:663][  0]LogConfig: Setting CVar [[r.DOF.Recombine.Quality:1                ; cheap slight out of focus]]
[2021.12.14-11.06.13:663][  0]LogConfig: Setting CVar [[r.DOF.Recombine.EnableBokehSettings:0    ; no bokeh simulation on slight out of focus]]
[2021.12.14-11.06.13:663][  0]LogConfig: Setting CVar [[r.DOF.TemporalAAQuality:1                ; more stable temporal accumulation]]
[2021.12.14-11.06.13:663][  0]LogConfig: Setting CVar [[r.DOF.Kernel.MaxForegroundRadius:0.025]]
[2021.12.14-11.06.13:663][  0]LogConfig: Setting CVar [[r.DOF.Kernel.MaxBackgroundRadius:0.025]]
[2021.12.14-11.06.13:663][  0]LogConfig: Applying CVar settings from Section [TextureQuality@3] File [../../../MarbleRun/Saved/Config/WindowsNoEditor/Scalability.ini]
[2021.12.14-11.06.13:663][  0]LogConfig: Setting CVar [[r.Streaming.MipBias:0]]
[2021.12.14-11.06.13:664][  0]LogConfig: Setting CVar [[r.Streaming.AmortizeCPUToGPUCopy:0]]
[2021.12.14-11.06.13:664][  0]LogConfig: Setting CVar [[r.Streaming.MaxNumTexturesToStreamPerFrame:0]]
[2021.12.14-11.06.13:664][  0]LogConfig: Setting CVar [[r.Streaming.Boost:1]]
[2021.12.14-11.06.13:664][  0]LogConfig: Setting CVar [[r.MaxAnisotropy:8]]
[2021.12.14-11.06.13:664][  0]LogConfig: Setting CVar [[r.VT.MaxAnisotropy:8]]
[2021.12.14-11.06.13:664][  0]LogConfig: Setting CVar [[r.Streaming.LimitPoolSizeToVRAM:0]]
[2021.12.14-11.06.13:664][  0]LogConfig: Setting CVar [[r.Streaming.PoolSize:1000]]
[2021.12.14-11.06.13:664][  0]LogConfig: Setting CVar [[r.Streaming.MaxEffectiveScreenSize:0]]
[2021.12.14-11.06.13:664][  0]LogConfig: Applying CVar settings from Section [EffectsQuality@3] File [../../../MarbleRun/Saved/Config/WindowsNoEditor/Scalability.ini]
[2021.12.14-11.06.13:664][  0]LogConfig: Setting CVar [[r.TranslucencyLightingVolumeDim:64]]
[2021.12.14-11.06.13:664][  0]LogConfig: Setting CVar [[r.RefractionQuality:2]]
[2021.12.14-11.06.13:664][  0]LogConfig: Setting CVar [[r.SSR.Quality:3]]
[2021.12.14-11.06.13:664][  0]LogConfig: Setting CVar [[r.SSR.HalfResSceneColor:0]]
[2021.12.14-11.06.13:664][  0]LogConfig: Setting CVar [[r.SceneColorFormat:4]]
[2021.12.14-11.06.13:664][  0]LogConfig: Setting CVar [[r.DetailMode:2]]
[2021.12.14-11.06.13:664][  0]LogConfig: Setting CVar [[r.TranslucencyVolumeBlur:1]]
[2021.12.14-11.06.13:664][  0]LogConfig: Setting CVar [[r.MaterialQualityLevel:1 ; High quality]]
[2021.12.14-11.06.13:664][  0]LogConfig: Setting CVar [[r.AnisotropicMaterials:1]]
[2021.12.14-11.06.13:664][  0]LogConfig: Setting CVar [[r.SSS.Scale:1]]
[2021.12.14-11.06.13:664][  0]LogConfig: Setting CVar [[r.SSS.SampleSet:2]]
[2021.12.14-11.06.13:664][  0]LogConfig: Setting CVar [[r.SSS.Quality:1]]
[2021.12.14-11.06.13:664][  0]LogConfig: Setting CVar [[r.SSS.HalfRes:0]]
[2021.12.14-11.06.13:664][  0]LogConfig: Setting CVar [[r.SSGI.Quality:3]]
[2021.12.14-11.06.13:664][  0]LogConfig: Setting CVar [[r.EmitterSpawnRateScale:1.0]]
[2021.12.14-11.06.13:664][  0]LogConfig: Setting CVar [[r.ParticleLightQuality:2]]
[2021.12.14-11.06.13:664][  0]LogConfig: Setting CVar [[r.SkyAtmosphere.AerialPerspectiveLUT.FastApplyOnOpaque:1 ; Always have FastSkyLUT 1 in this case to avoid wrong sky]]
[2021.12.14-11.06.13:664][  0]LogConfig: Setting CVar [[r.SkyAtmosphere.AerialPerspectiveLUT.SampleCountMaxPerSlice:4]]
[2021.12.14-11.06.13:664][  0]LogConfig: Setting CVar [[r.SkyAtmosphere.AerialPerspectiveLUT.DepthResolution:16.0]]
[2021.12.14-11.06.13:664][  0]LogConfig: Setting CVar [[r.SkyAtmosphere.FastSkyLUT:1]]
[2021.12.14-11.06.13:664][  0]LogConfig: Setting CVar [[r.SkyAtmosphere.FastSkyLUT.SampleCountMin:4.0]]
[2021.12.14-11.06.13:664][  0]LogConfig: Setting CVar [[r.SkyAtmosphere.FastSkyLUT.SampleCountMax:128.0]]
[2021.12.14-11.06.13:664][  0]LogConfig: Setting CVar [[r.SkyAtmosphere.SampleCountMin:4.0]]
[2021.12.14-11.06.13:664][  0]LogConfig: Setting CVar [[r.SkyAtmosphere.SampleCountMax:128.0]]
[2021.12.14-11.06.13:664][  0]LogConfig: Setting CVar [[r.SkyAtmosphere.TransmittanceLUT.UseSmallFormat:0]]
[2021.12.14-11.06.13:664][  0]LogConfig: Setting CVar [[r.SkyAtmosphere.TransmittanceLUT.SampleCount:10.0]]
[2021.12.14-11.06.13:664][  0]LogConfig: Setting CVar [[r.SkyAtmosphere.MultiScatteringLUT.SampleCount:15.0]]
[2021.12.14-11.06.13:664][  0]LogConfig: Setting CVar [[r.SkyLight.RealTimeReflectionCapture:1]]
[2021.12.14-11.06.13:664][  0]LogConfig: Setting CVar [[fx.Niagara.QualityLevel:3]]
[2021.12.14-11.06.13:664][  0]LogConfig: Applying CVar settings from Section [FoliageQuality@3] File [../../../MarbleRun/Saved/Config/WindowsNoEditor/Scalability.ini]
[2021.12.14-11.06.13:664][  0]LogConfig: Setting CVar [[foliage.DensityScale:1.0]]
[2021.12.14-11.06.13:664][  0]LogConfig: Setting CVar [[grass.DensityScale:1.0]]
[2021.12.14-11.06.13:664][  0]LogConfig: Applying CVar settings from Section [ShadingQuality@3] File [../../../MarbleRun/Saved/Config/WindowsNoEditor/Scalability.ini]
[2021.12.14-11.06.13:664][  0]LogConfig: Setting CVar [[r.HairStrands.SkyLighting.IntegrationType:2]]
[2021.12.14-11.06.13:664][  0]LogConfig: Setting CVar [[r.HairStrands.SkyAO.SampleCount:4]]
[2021.12.14-11.06.13:664][  0]LogConfig: Setting CVar [[r.HairStrands.Visibility.MSAA.SamplePerPixel:4]]
[2021.12.14-11.06.13:664][  0]LogInit: Selected Device Profile: [WindowsNoEditor]
[2021.12.14-11.06.13:664][  0]LogInit: Applying CVar settings loaded from the selected device profile: [WindowsNoEditor]
[2021.12.14-11.06.13:664][  0]LogHAL: Display: Platform has ~ 32 GB [34270814208 / 34359738368 / 32], which maps to Largest [LargestMinGB=32, LargerMinGB=12, DefaultMinGB=8, SmallerMinGB=6, SmallestMinGB=0)
[2021.12.14-11.06.13:664][  0]LogInit: Going up to parent DeviceProfile [Windows]
[2021.12.14-11.06.13:664][  0]LogInit: Going up to parent DeviceProfile []
[2021.12.14-11.06.13:664][  0]LogConfig: Applying CVar settings from Section [ViewDistanceQuality@3] File [../../../MarbleRun/Saved/Config/WindowsNoEditor/Scalability.ini]
[2021.12.14-11.06.13:664][  0]LogConfig: Setting CVar [[r.SkeletalMeshLODBias:0]]
[2021.12.14-11.06.13:664][  0]LogConfig: Setting CVar [[r.ViewDistanceScale:1.0]]
[2021.12.14-11.06.13:664][  0]LogConfig: Applying CVar settings from Section [AntiAliasingQuality@3] File [../../../MarbleRun/Saved/Config/WindowsNoEditor/Scalability.ini]
[2021.12.14-11.06.13:664][  0]LogConfig: Setting CVar [[r.PostProcessAAQuality:4]]
[2021.12.14-11.06.13:664][  0]LogConfig: Applying CVar settings from Section [ShadowQuality@3] File [../../../MarbleRun/Saved/Config/WindowsNoEditor/Scalability.ini]
[2021.12.14-11.06.13:664][  0]LogConfig: Setting CVar [[r.LightFunctionQuality:1]]
[2021.12.14-11.06.13:664][  0]LogConfig: Setting CVar [[r.ShadowQuality:5]]
[2021.12.14-11.06.13:664][  0]LogConfig: Setting CVar [[r.Shadow.CSM.MaxCascades:10]]
[2021.12.14-11.06.13:664][  0]LogConfig: Setting CVar [[r.Shadow.MaxResolution:2048]]
[2021.12.14-11.06.13:664][  0]LogConfig: Setting CVar [[r.Shadow.MaxCSMResolution:2048]]
[2021.12.14-11.06.13:664][  0]LogConfig: Setting CVar [[r.Shadow.RadiusThreshold:0.01]]
[2021.12.14-11.06.13:664][  0]LogConfig: Setting CVar [[r.Shadow.DistanceScale:1.0]]
[2021.12.14-11.06.13:664][  0]LogConfig: Setting CVar [[r.Shadow.CSM.TransitionScale:1.0]]
[2021.12.14-11.06.13:664][  0]LogConfig: Setting CVar [[r.Shadow.PreShadowResolutionFactor:1.0]]
[2021.12.14-11.06.13:664][  0]LogConfig: Setting CVar [[r.DistanceFieldShadowing:1]]
[2021.12.14-11.06.13:665][  0]LogConfig: Setting CVar [[r.DistanceFieldAO:1]]
[2021.12.14-11.06.13:665][  0]LogConfig: Setting CVar [[r.AOQuality:2]]
[2021.12.14-11.06.13:665][  0]LogConfig: Setting CVar [[r.VolumetricFog:1]]
[2021.12.14-11.06.13:665][  0]LogConfig: Setting CVar [[r.VolumetricFog.GridPixelSize:8]]
[2021.12.14-11.06.13:665][  0]LogConfig: Setting CVar [[r.VolumetricFog.GridSizeZ:128]]
[2021.12.14-11.06.13:665][  0]LogConfig: Setting CVar [[r.VolumetricFog.HistoryMissSupersampleCount:4]]
[2021.12.14-11.06.13:665][  0]LogConfig: Setting CVar [[r.LightMaxDrawDistanceScale:1]]
[2021.12.14-11.06.13:665][  0]LogConfig: Setting CVar [[r.CapsuleShadows:1]]
[2021.12.14-11.06.13:665][  0]LogConfig: Applying CVar settings from Section [PostProcessQuality@3] File [../../../MarbleRun/Saved/Config/WindowsNoEditor/Scalability.ini]
[2021.12.14-11.06.13:665][  0]LogConfig: Setting CVar [[r.MotionBlurQuality:4]]
[2021.12.14-11.06.13:665][  0]LogConfig: Setting CVar [[r.AmbientOcclusionMipLevelFactor:0.4]]
[2021.12.14-11.06.13:665][  0]LogConfig: Setting CVar [[r.AmbientOcclusionMaxQuality:100]]
[2021.12.14-11.06.13:665][  0]LogConfig: Setting CVar [[r.AmbientOcclusionLevels:-1]]
[2021.12.14-11.06.13:665][  0]LogConfig: Setting CVar [[r.AmbientOcclusionRadiusScale:1.0]]
[2021.12.14-11.06.13:665][  0]LogConfig: Setting CVar [[r.DepthOfFieldQuality:2]]
[2021.12.14-11.06.13:665][  0]LogConfig: Setting CVar [[r.RenderTargetPoolMin:400]]
[2021.12.14-11.06.13:665][  0]LogConfig: Setting CVar [[r.LensFlareQuality:2]]
[2021.12.14-11.06.13:665][  0]LogConfig: Setting CVar [[r.SceneColorFringeQuality:1]]
[2021.12.14-11.06.13:665][  0]LogConfig: Setting CVar [[r.EyeAdaptationQuality:2]]
[2021.12.14-11.06.13:665][  0]LogConfig: Setting CVar [[r.BloomQuality:5]]
[2021.12.14-11.06.13:665][  0]LogConfig: Setting CVar [[r.FastBlurThreshold:100]]
[2021.12.14-11.06.13:665][  0]LogConfig: Setting CVar [[r.Upscale.Quality:3]]
[2021.12.14-11.06.13:665][  0]LogConfig: Setting CVar [[r.Tonemapper.GrainQuantization:1]]
[2021.12.14-11.06.13:665][  0]LogConfig: Setting CVar [[r.LightShaftQuality:1]]
[2021.12.14-11.06.13:665][  0]LogConfig: Setting CVar [[r.Filter.SizeScale:1]]
[2021.12.14-11.06.13:665][  0]LogConfig: Setting CVar [[r.Tonemapper.Quality:5]]
[2021.12.14-11.06.13:665][  0]LogConfig: Setting CVar [[r.DOF.Gather.AccumulatorQuality:1        ; higher gathering accumulator quality]]
[2021.12.14-11.06.13:665][  0]LogConfig: Setting CVar [[r.DOF.Gather.PostfilterMethod:1          ; Median3x3 postfilering method]]
[2021.12.14-11.06.13:665][  0]LogConfig: Setting CVar [[r.DOF.Gather.EnableBokehSettings:0       ; no bokeh simulation when gathering]]
[2021.12.14-11.06.13:665][  0]LogConfig: Setting CVar [[r.DOF.Gather.RingCount:4                 ; medium number of samples when gathering]]
[2021.12.14-11.06.13:665][  0]LogConfig: Setting CVar [[r.DOF.Scatter.ForegroundCompositing:1    ; additive foreground scattering]]
[2021.12.14-11.06.13:665][  0]LogConfig: Setting CVar [[r.DOF.Scatter.BackgroundCompositing:2    ; additive background scattering]]
[2021.12.14-11.06.13:665][  0]LogConfig: Setting CVar [[r.DOF.Scatter.EnableBokehSettings:1      ; bokeh simulation when scattering]]
[2021.12.14-11.06.13:665][  0]LogConfig: Setting CVar [[r.DOF.Scatter.MaxSpriteRatio:0.1         ; only a maximum of 10% of scattered bokeh]]
[2021.12.14-11.06.13:665][  0]LogConfig: Setting CVar [[r.DOF.Recombine.Quality:1                ; cheap slight out of focus]]
[2021.12.14-11.06.13:665][  0]LogConfig: Setting CVar [[r.DOF.Recombine.EnableBokehSettings:0    ; no bokeh simulation on slight out of focus]]
[2021.12.14-11.06.13:665][  0]LogConfig: Setting CVar [[r.DOF.TemporalAAQuality:1                ; more stable temporal accumulation]]
[2021.12.14-11.06.13:665][  0]LogConfig: Setting CVar [[r.DOF.Kernel.MaxForegroundRadius:0.025]]
[2021.12.14-11.06.13:665][  0]LogConfig: Setting CVar [[r.DOF.Kernel.MaxBackgroundRadius:0.025]]
[2021.12.14-11.06.13:665][  0]LogConfig: Applying CVar settings from Section [TextureQuality@3] File [../../../MarbleRun/Saved/Config/WindowsNoEditor/Scalability.ini]
[2021.12.14-11.06.13:665][  0]LogConfig: Setting CVar [[r.Streaming.MipBias:0]]
[2021.12.14-11.06.13:665][  0]LogConfig: Setting CVar [[r.Streaming.AmortizeCPUToGPUCopy:0]]
[2021.12.14-11.06.13:665][  0]LogConfig: Setting CVar [[r.Streaming.MaxNumTexturesToStreamPerFrame:0]]
[2021.12.14-11.06.13:665][  0]LogConfig: Setting CVar [[r.Streaming.Boost:1]]
[2021.12.14-11.06.13:665][  0]LogConfig: Setting CVar [[r.MaxAnisotropy:8]]
[2021.12.14-11.06.13:665][  0]LogConfig: Setting CVar [[r.VT.MaxAnisotropy:8]]
[2021.12.14-11.06.13:665][  0]LogConfig: Setting CVar [[r.Streaming.LimitPoolSizeToVRAM:0]]
[2021.12.14-11.06.13:665][  0]LogConfig: Setting CVar [[r.Streaming.PoolSize:1000]]
[2021.12.14-11.06.13:665][  0]LogConfig: Setting CVar [[r.Streaming.MaxEffectiveScreenSize:0]]
[2021.12.14-11.06.13:665][  0]LogConfig: Applying CVar settings from Section [EffectsQuality@3] File [../../../MarbleRun/Saved/Config/WindowsNoEditor/Scalability.ini]
[2021.12.14-11.06.13:665][  0]LogConfig: Setting CVar [[r.TranslucencyLightingVolumeDim:64]]
[2021.12.14-11.06.13:665][  0]LogConfig: Setting CVar [[r.RefractionQuality:2]]
[2021.12.14-11.06.13:665][  0]LogConfig: Setting CVar [[r.SSR.Quality:3]]
[2021.12.14-11.06.13:665][  0]LogConfig: Setting CVar [[r.SSR.HalfResSceneColor:0]]
[2021.12.14-11.06.13:665][  0]LogConfig: Setting CVar [[r.SceneColorFormat:4]]
[2021.12.14-11.06.13:665][  0]LogConfig: Setting CVar [[r.DetailMode:2]]
[2021.12.14-11.06.13:665][  0]LogConfig: Setting CVar [[r.TranslucencyVolumeBlur:1]]
[2021.12.14-11.06.13:665][  0]LogConfig: Setting CVar [[r.MaterialQualityLevel:1 ; High quality]]
[2021.12.14-11.06.13:665][  0]LogConfig: Setting CVar [[r.AnisotropicMaterials:1]]
[2021.12.14-11.06.13:665][  0]LogConfig: Setting CVar [[r.SSS.Scale:1]]
[2021.12.14-11.06.13:665][  0]LogConfig: Setting CVar [[r.SSS.SampleSet:2]]
[2021.12.14-11.06.13:665][  0]LogConfig: Setting CVar [[r.SSS.Quality:1]]
[2021.12.14-11.06.13:665][  0]LogConfig: Setting CVar [[r.SSS.HalfRes:0]]
[2021.12.14-11.06.13:665][  0]LogConfig: Setting CVar [[r.SSGI.Quality:3]]
[2021.12.14-11.06.13:665][  0]LogConfig: Setting CVar [[r.EmitterSpawnRateScale:1.0]]
[2021.12.14-11.06.13:665][  0]LogConfig: Setting CVar [[r.ParticleLightQuality:2]]
[2021.12.14-11.06.13:665][  0]LogConfig: Setting CVar [[r.SkyAtmosphere.AerialPerspectiveLUT.FastApplyOnOpaque:1 ; Always have FastSkyLUT 1 in this case to avoid wrong sky]]
[2021.12.14-11.06.13:666][  0]LogConfig: Setting CVar [[r.SkyAtmosphere.AerialPerspectiveLUT.SampleCountMaxPerSlice:4]]
[2021.12.14-11.06.13:666][  0]LogConfig: Setting CVar [[r.SkyAtmosphere.AerialPerspectiveLUT.DepthResolution:16.0]]
[2021.12.14-11.06.13:666][  0]LogConfig: Setting CVar [[r.SkyAtmosphere.FastSkyLUT:1]]
[2021.12.14-11.06.13:666][  0]LogConfig: Setting CVar [[r.SkyAtmosphere.FastSkyLUT.SampleCountMin:4.0]]
[2021.12.14-11.06.13:666][  0]LogConfig: Setting CVar [[r.SkyAtmosphere.FastSkyLUT.SampleCountMax:128.0]]
[2021.12.14-11.06.13:666][  0]LogConfig: Setting CVar [[r.SkyAtmosphere.SampleCountMin:4.0]]
[2021.12.14-11.06.13:666][  0]LogConfig: Setting CVar [[r.SkyAtmosphere.SampleCountMax:128.0]]
[2021.12.14-11.06.13:666][  0]LogConfig: Setting CVar [[r.SkyAtmosphere.TransmittanceLUT.UseSmallFormat:0]]
[2021.12.14-11.06.13:666][  0]LogConfig: Setting CVar [[r.SkyAtmosphere.TransmittanceLUT.SampleCount:10.0]]
[2021.12.14-11.06.13:666][  0]LogConfig: Setting CVar [[r.SkyAtmosphere.MultiScatteringLUT.SampleCount:15.0]]
[2021.12.14-11.06.13:666][  0]LogConfig: Setting CVar [[r.SkyLight.RealTimeReflectionCapture:1]]
[2021.12.14-11.06.13:666][  0]LogConfig: Setting CVar [[fx.Niagara.QualityLevel:3]]
[2021.12.14-11.06.13:666][  0]LogConfig: Applying CVar settings from Section [FoliageQuality@3] File [../../../MarbleRun/Saved/Config/WindowsNoEditor/Scalability.ini]
[2021.12.14-11.06.13:666][  0]LogConfig: Setting CVar [[foliage.DensityScale:1.0]]
[2021.12.14-11.06.13:666][  0]LogConfig: Setting CVar [[grass.DensityScale:1.0]]
[2021.12.14-11.06.13:666][  0]LogConfig: Applying CVar settings from Section [ShadingQuality@3] File [../../../MarbleRun/Saved/Config/WindowsNoEditor/Scalability.ini]
[2021.12.14-11.06.13:666][  0]LogConfig: Setting CVar [[r.HairStrands.SkyLighting.IntegrationType:2]]
[2021.12.14-11.06.13:666][  0]LogConfig: Setting CVar [[r.HairStrands.SkyAO.SampleCount:4]]
[2021.12.14-11.06.13:666][  0]LogConfig: Setting CVar [[r.HairStrands.Visibility.MSAA.SamplePerPixel:4]]
[2021.12.14-11.06.13:666][  0]LogConfig: Applying CVar settings from Section [Startup] File [../../../Engine/Config/ConsoleVariables.ini]
[2021.12.14-11.06.13:666][  0]LogConfig: Setting CVar [[net.UseAdaptiveNetUpdateFrequency:0]]
[2021.12.14-11.06.13:666][  0]LogConfig: Setting CVar [[p.chaos.AllowCreatePhysxBodies:1]]
[2021.12.14-11.06.13:666][  0]LogConfig: Setting CVar [[fx.SkipVectorVMBackendOptimizations:1]]
[2021.12.14-11.06.13:666][  0]LogConfig: Applying CVar settings from Section [ConsoleVariables] File [../../../MarbleRun/Saved/Config/WindowsNoEditor/Engine.ini]
[2021.12.14-11.06.13:666][  0]LogInit: Computer: VWVITHLPUA871
[2021.12.14-11.06.13:666][  0]LogInit: User: VD4SAL5
[2021.12.14-11.06.13:666][  0]LogInit: CPU Page size=4096, Cores=4
[2021.12.14-11.06.13:666][  0]LogInit: High frequency timer resolution =10.000000 MHz
[2021.12.14-11.06.13:666][  0]LogMemory: Memory total: Physical=31.9GB (32GB approx)
[2021.12.14-11.06.13:666][  0]LogMemory: Platform Memory Stats for WindowsNoEditor
[2021.12.14-11.06.13:666][  0]LogMemory: Process Physical Memory: 75.84 MB used, 75.84 MB peak
[2021.12.14-11.06.13:666][  0]LogMemory: Process Virtual Memory: 78.68 MB used, 78.68 MB peak
[2021.12.14-11.06.13:666][  0]LogMemory: Physical Memory: 16080.06 MB used,  16603.13 MB free, 32683.20 MB total
[2021.12.14-11.06.13:666][  0]LogMemory: Virtual Memory: 134203688.00 MB used,  14038.29 MB free, 134217728.00 MB total
[2021.12.14-11.06.13:673][  0]LogWindows: WindowsPlatformFeatures enabled
[2021.12.14-11.06.13:698][  0]LogInit: Physics initialised using underlying interface: PhysX
[2021.12.14-11.06.13:699][  0]LogInit: Using OS detected language (en-US).
[2021.12.14-11.06.13:699][  0]LogInit: Using OS detected locale (en-US).
[2021.12.14-11.06.13:699][  0]LogTextLocalizationManager: No specific localization for 'en-US' exists, so the 'en' localization will be used.
[2021.12.14-11.06.13:728][  0]LogWindowsTextInputMethodSystem: Display: IME system deactivated.
[2021.12.14-11.06.13:751][  0]LogSlate: New Slate User Created.  User Index 0, Is Virtual User: 0
[2021.12.14-11.06.13:751][  0]LogSlate: Slate User Registered.  User Index 0, Is Virtual User: 0
[2021.12.14-11.06.13:785][  0]LogD3D11RHI: Loaded GFSDK_Aftermath_Lib.x64.dll
[2021.12.14-11.06.13:866][  0]LogHMD: Failed to initialize OpenVR with code 126
[2021.12.14-11.06.13:866][  0]LogD3D11RHI: D3D11 min allowed feature level: 11_0
[2021.12.14-11.06.13:866][  0]LogD3D11RHI: D3D11 max allowed feature level: 11_0
[2021.12.14-11.06.13:866][  0]LogD3D11RHI: D3D11 adapters:
[2021.12.14-11.06.13:966][  0]LogD3D11RHI:    0. 'NVIDIA Quadro P5000' (Feature Level 11_0)
[2021.12.14-11.06.13:966][  0]LogD3D11RHI:       16257/0/16341 MB DedicatedVideo/DedicatedSystem/SharedSystem, Outputs:1, VendorId:0x10de
[2021.12.14-11.06.13:969][  0]LogD3D11RHI:    1. 'Microsoft Basic Render Driver' (Feature Level 11_0)
[2021.12.14-11.06.13:969][  0]LogD3D11RHI:       0/0/16341 MB DedicatedVideo/DedicatedSystem/SharedSystem, Outputs:0, VendorId:0x1414
[2021.12.14-11.06.13:969][  0]LogD3D11RHI: Chosen D3D11 Adapter:
[2021.12.14-11.06.13:969][  0]LogD3D11RHI:     Description : NVIDIA Quadro P5000
[2021.12.14-11.06.13:969][  0]LogD3D11RHI:     VendorId    : 10de
[2021.12.14-11.06.13:969][  0]LogD3D11RHI:     DeviceId    : 1bb6
[2021.12.14-11.06.13:969][  0]LogD3D11RHI:     SubSysId    : 8272103c
[2021.12.14-11.06.13:969][  0]LogD3D11RHI:     Revision    : 00a1
[2021.12.14-11.06.13:969][  0]LogD3D11RHI:     DedicatedVideoMemory : 17046700032 bytes
[2021.12.14-11.06.13:969][  0]LogD3D11RHI:     DedicatedSystemMemory : 0 bytes
[2021.12.14-11.06.13:969][  0]LogD3D11RHI:     SharedSystemMemory : 17135407104 bytes
[2021.12.14-11.06.13:969][  0]LogD3D11RHI:     AdapterLuid : 0 63998
[2021.12.14-11.06.13:983][  0]LogD3D11RHI: Creating new Direct3DDevice
[2021.12.14-11.06.13:983][  0]LogD3D11RHI:     GPU DeviceId: 0x1bb6 (for the marketing name, search the web for "GPU Device Id")
[2021.12.14-11.06.13:983][  0]LogWindows: EnumDisplayDevices:
[2021.12.14-11.06.13:984][  0]LogWindows:    0. 'NVIDIA Quadro P5000' (P:1 D:1)
[2021.12.14-11.06.13:984][  0]LogWindows:    1. 'NVIDIA Quadro P5000' (P:0 D:0)
[2021.12.14-11.06.13:985][  0]LogWindows:    2. 'NVIDIA Quadro P5000' (P:0 D:0)
[2021.12.14-11.06.13:985][  0]LogWindows:    3. 'NVIDIA Quadro P5000' (P:0 D:0)
[2021.12.14-11.06.13:986][  0]LogWindows: DebugString: FoundDriverCount:4 
[2021.12.14-11.06.13:986][  0]LogD3D11RHI:     Adapter Name: NVIDIA Quadro P5000
[2021.12.14-11.06.13:986][  0]LogD3D11RHI:   Driver Version: 452.39 (internal:27.21.14.5239, unified:452.39)
[2021.12.14-11.06.13:986][  0]LogD3D11RHI:      Driver Date: 9-22-2020
[2021.12.14-11.06.13:986][  0]LogRHI: Texture pool is 11379 MB (70% of 16257 MB)
[2021.12.14-11.06.13:986][  0]LogD3D11RHI: Creating D3DDevice using adapter:
[2021.12.14-11.06.13:986][  0]LogD3D11RHI:     Description : NVIDIA Quadro P5000
[2021.12.14-11.06.13:986][  0]LogD3D11RHI:     VendorId    : 10de
[2021.12.14-11.06.13:986][  0]LogD3D11RHI:     DeviceId    : 1bb6
[2021.12.14-11.06.13:986][  0]LogD3D11RHI:     SubSysId    : 8272103c
[2021.12.14-11.06.13:986][  0]LogD3D11RHI:     Revision    : 00a1
[2021.12.14-11.06.13:986][  0]LogD3D11RHI:     DedicatedVideoMemory : 17046700032 bytes
[2021.12.14-11.06.13:986][  0]LogD3D11RHI:     DedicatedSystemMemory : 0 bytes
[2021.12.14-11.06.13:986][  0]LogD3D11RHI:     SharedSystemMemory : 17135407104 bytes
[2021.12.14-11.06.13:986][  0]LogD3D11RHI:     AdapterLuid : 0 63998
[2021.12.14-11.06.14:034][  0]LogD3D11RHI: RHI has support for 64 bit atomics
[2021.12.14-11.06.14:034][  0]LogD3D11RHI: Async texture creation enabled
[2021.12.14-11.06.14:034][  0]LogD3D11RHI: Array index from any shader is supported
[2021.12.14-11.06.14:053][  0]LogD3D11RHI: GPU Timing Frequency: 1000.000000 (Debug: 2 1)
[2021.12.14-11.06.14:148][  0]LogRHI: GeForceNow SDK initialized: 1
[2021.12.14-11.06.14:149][  0]LogRendererCore: Ray tracing is disabled. Reason: r.RayTracing=0.
[2021.12.14-11.06.14:151][  0]LogShaderLibrary: Display: Using ../../../MarbleRun/Content/ShaderArchive-Global-PCD3D_SM5.ushaderbytecode for material shader code. Total 1951 unique shaders.
[2021.12.14-11.06.14:151][  0]LogShaderLibrary: Display: Cooked Context: Using Shared Shader Library Global
[2021.12.14-11.06.14:151][  0]LogShaderLibrary: Display: Logical shader library 'Global' has been created, components 1
[2021.12.14-11.06.14:152][  0]LogTemp: Warning: Clearing the OS Cache
[2021.12.14-11.06.14:152][  0]LogODSC: ODSC Thread active.
[2021.12.14-11.06.14:159][  0]LogPakFile: New pak file ../../../MarbleRun/Content/Paks/MarbleRun-WindowsNoEditor.pak added to pak precacher.
[2021.12.14-11.06.14:180][  0]LogSlate: Using FreeType 2.10.0
[2021.12.14-11.06.14:180][  0]LogSlate: SlateFontServices - WITH_FREETYPE: 1, WITH_HARFBUZZ: 1
[2021.12.14-11.06.14:251][  0]LogShaderLibrary: Display: Using ../../../MarbleRun/Content/ShaderArchive-MarbleRun-PCD3D_SM5.ushaderbytecode for material shader code. Total 1494 unique shaders.
[2021.12.14-11.06.14:251][  0]LogShaderLibrary: Display: Cooked Context: Using Shared Shader Library MarbleRun
[2021.12.14-11.06.14:251][  0]LogShaderLibrary: Display: Logical shader library 'MarbleRun' has been created, components 1
[2021.12.14-11.06.14:251][  0]LogRHI: Display: Opened pipeline cache after state change and enqueued 0 of 0 tasks for precompile.
[2021.12.14-11.06.14:252][  0]LogShaderLibrary: Display: Using ../../../MarbleRun/Content/ShaderArchive-MarbleRun-PCD3D_SM5.ushaderbytecode for material shader code. Total 1494 unique shaders.
[2021.12.14-11.06.14:252][  0]LogShaderLibrary: Display: Cooked Context: Using Shared Shader Library MarbleRun
[2021.12.14-11.06.14:252][  0]LogRHI: Display: Opened pipeline cache after state change and enqueued 0 of 0 tasks for precompile.
[2021.12.14-11.06.14:252][  0]LogRHI: Display: Failed to open default shader pipeline cache for MarbleRun using shader platform 0.
[2021.12.14-11.06.14:252][  0]LogRHI: Display: Failed to open default shader pipeline cache for MarbleRun using shader platform 0.
[2021.12.14-11.06.14:252][  0]LogInit: Using OS detected language (en-US).
[2021.12.14-11.06.14:252][  0]LogInit: Using OS detected locale (en-US).
[2021.12.14-11.06.14:252][  0]LogTextLocalizationManager: No localization for 'en-US' exists, so 'en' will be used for the language.
[2021.12.14-11.06.14:252][  0]LogTextLocalizationManager: No localization for 'en-US' exists, so 'en' will be used for the locale.
[2021.12.14-11.06.14:252][  0]LogSlate: FontCache flush requested. Reason: Culture for localization was changed
[2021.12.14-11.06.14:252][  0]LogSlate: FontCache flush requested. Reason: Culture for localization was changed
[2021.12.14-11.06.14:254][  0]LogTextLocalizationManager: Compacting localization data took   1.08ms
[2021.12.14-11.06.14:254][  0]LogAssetRegistry: FAssetRegistry took 0.0012 seconds to start up
[2021.12.14-11.06.14:330][  0]LogStreaming: Display: FlushAsyncLoading: 1 QueuedPackages, 0 AsyncPackages
[2021.12.14-11.06.14:330][  0]LogPackageLocalizationCache: Processed 26 localized package path(s) for 1 prioritized culture(s) in 0.000088 seconds
[2021.12.14-11.06.14:337][  0]LogSerialization: Display: AllowBulkDataInIoStore: 'true'
[2021.12.14-11.06.14:338][  0]LogInit: Selected Device Profile: [WindowsNoEditor]
[2021.12.14-11.06.14:338][  0]LogInit: Active device profile: [0000022D0F9D5E00][0000022D7F430010 49] WindowsNoEditor
[2021.12.14-11.06.14:338][  0]LogInit: Profiles: [0000022D0F9D6100][0000022D0F13B6E0 49] Windows, [0000022D0F9D5E00][0000022D7F430010 49] WindowsNoEditor, 
[2021.12.14-11.06.14:367][  0]LogNetVersion: MarbleRun 1.0.0, NetCL: 17155196, EngineNetVer: 17, GameNetVer: 0 (Checksum: 926399740)
[2021.12.14-11.06.14:409][  0]LogAudioCaptureCore: Display: No Audio Capture implementations found. Audio input will be silent.
[2021.12.14-11.06.14:409][  0]LogAudioCaptureCore: Display: No Audio Capture implementations found. Audio input will be silent.
[2021.12.14-11.06.14:410][  0]LogHMD: PokeAHoleMaterial loaded successfully
[2021.12.14-11.06.14:432][  0]LogMoviePlayer: Initializing movie player
[2021.12.14-11.06.14:432][  0]LogNiagaraDebuggerClient: Niagara Debugger Client Initialized | Session: 56AE5829445DE47EB82BA1822F788D2B | Instance: C594FF884177E2753BB15BAEDDE278F5 (VWVITHLPUA871-91988).
[2021.12.14-11.06.14:434][  0]LogAndroidPermission: UAndroidPermissionCallbackProxy::GetInstance
[2021.12.14-11.06.14:434][  0]LogOcInput: OculusInput pre-init called
[2021.12.14-11.06.14:438][  0]LogUObjectArray: 15771 objects as part of root set at end of initial load.
[2021.12.14-11.06.14:438][  0]LogUObjectArray: 2 objects are not in the root set, but can never be destroyed because they are in the DisregardForGC set.
[2021.12.14-11.06.14:438][  0]LogUObjectAllocator: 3198280 out of 0 bytes used by permanent object pool.
[2021.12.14-11.06.14:438][  0]LogUObjectArray: CloseDisregardForGC: 15771/15771 objects in disregard for GC pool
[2021.12.14-11.06.14:439][  0]LogEngine: Initializing Engine...
[2021.12.14-11.06.14:472][  0]LogHMD: Failed to enumerate extensions. Please check that you have a valid OpenXR runtime installed.
[2021.12.14-11.06.14:518][  0]LogHMD: Failed to initialize OpenVR with code 126
[2021.12.14-11.06.14:519][  0]LogStats: UGameplayTagsManager::InitializeManager -  0.000 s
[2021.12.14-11.06.14:638][  0]LogInit: Initializing FReadOnlyCVARCache
[2021.12.14-11.06.14:638][  0]LogAudio: Display: Initializing Audio Device Manager...
[2021.12.14-11.06.14:638][  0]LogAudio: Display: Loading Default Audio Settings Objects...
[2021.12.14-11.06.14:639][  0]LogAudio: Display: No default SoundConcurrencyObject specified (or failed to load).
[2021.12.14-11.06.14:639][  0]LogAudio: Display: Audio Device Manager Initialized
[2021.12.14-11.06.14:639][  0]LogAudio: Display: Creating Audio Device:                 Id: 1, Scope: Shared, Realtime: True
[2021.12.14-11.06.14:639][  0]LogAudioMixer: Display: Audio Mixer Platform Settings:
[2021.12.14-11.06.14:639][  0]LogAudioMixer: Display: 	Sample Rate:						  48000
[2021.12.14-11.06.14:639][  0]LogAudioMixer: Display: 	Callback Buffer Frame Size Requested: 1024
[2021.12.14-11.06.14:639][  0]LogAudioMixer: Display: 	Callback Buffer Frame Size To Use:	  1024
[2021.12.14-11.06.14:639][  0]LogAudioMixer: Display: 	Number of buffers to queue:			  2
[2021.12.14-11.06.14:639][  0]LogAudioMixer: Display: 	Max Channels (voices):				  32
[2021.12.14-11.06.14:639][  0]LogAudioMixer: Display: 	Number of Async Source Workers:		  0
[2021.12.14-11.06.14:639][  0]LogAudio: Display: AudioDevice MaxSources: 32
[2021.12.14-11.06.14:639][  0]LogAudio: Display: Audio Spatialization Plugin: None (built-in).
[2021.12.14-11.06.14:639][  0]LogAudio: Display: Audio Reverb Plugin: None (built-in).
[2021.12.14-11.06.14:639][  0]LogAudio: Display: Audio Occlusion Plugin: None (built-in).
[2021.12.14-11.06.14:639][  0]LogAudioMixer: Display: Initializing audio mixer.
[2021.12.14-11.06.14:650][  0]LogAudioDebug: Display: Lib vorbis DLL was dynamically loaded.
[2021.12.14-11.06.14:658][  0]LogAudioMixer: Display: 0: FrontLeft
[2021.12.14-11.06.14:658][  0]LogAudioMixer: Display: 1: FrontRight
[2021.12.14-11.06.14:694][  0]LogAudioMixer: Display: Using Audio Device Speakers (Conexant ISST Audio)
[2021.12.14-11.06.14:695][  0]LogAudioMixer: Display: Initializing Sound Submixes...
[2021.12.14-11.06.14:696][  0]LogAudioMixer: Display: Creating Master Submix 'MasterSubmixDefault'
[2021.12.14-11.06.14:696][  0]LogAudioMixer: Display: Creating Master Submix 'MasterReverbSubmixDefault'
[2021.12.14-11.06.14:697][  0]LogAudioMixer: Display: Creating Master Submix 'MasterEQSubmixDefault'
[2021.12.14-11.06.14:697][  0]LogAudioMixer: FMixerPlatformXAudio2::StartAudioStream() called
[2021.12.14-11.06.14:697][  0]LogAudioMixer: Display: Output buffers initialized: Frames=1024, Channels=2, Samples=2048
[2021.12.14-11.06.14:697][  0]LogAudioMixer: Display: Starting AudioMixerPlatformInterface::RunInternal()
[2021.12.14-11.06.14:697][  0]LogAudioMixer: Display: FMixerPlatformXAudio2::SubmitBuffer() called for the first time
[2021.12.14-11.06.14:697][  0]LogInit: FAudioDevice initialized.
[2021.12.14-11.06.14:698][  0]LogNetVersion: Set ProjectVersion to 1.0.0.0. Version Checksum will be recalculated on next use.
[2021.12.14-11.06.14:698][  0]LogInit: Texture streaming: Enabled
[2021.12.14-11.06.14:701][  0]LogAudio: Display: Audio Device (ID: 1) registered with world 'Untitled'.
[2021.12.14-11.06.14:701][  0]LogSlate: Updating window title bar state: overlay mode, drag disabled, window buttons hidden, title bar hidden
[2021.12.14-11.06.14:701][  0]LogInit: Display: Game Engine Initialized.
[2021.12.14-11.06.14:702][  0]LogInit: Display: Starting Game.
[2021.12.14-11.06.14:702][  0]LogNet: Browse: /Game/Maps/Level1?Name=Player
[2021.12.14-11.06.14:702][  0]LogLoad: LoadMap: /Game/Maps/Level1?Name=Player
[2021.12.14-11.06.14:702][  0]LogWorld: BeginTearingDown for /Temp/Untitled_0
[2021.12.14-11.06.14:703][  0]LogWorld: UWorld::CleanupWorld for Untitled, bSessionEnded=true, bCleanupResources=true
[2021.12.14-11.06.14:703][  0]LogSlate: InvalidateAllWidgets triggered.  All widgets were invalidated
[2021.12.14-11.06.14:706][  0]LogAudio: Display: Audio Device unregistered from world 'None'.
[2021.12.14-11.06.14:707][  0]LogUObjectHash: Compacting FUObjectHashTables data took   0.73ms
[2021.12.14-11.06.14:730][  0]LogAudio: Display: Audio Device (ID: 1) registered with world 'Level1'.
[2021.12.14-11.06.14:731][  0]LogAIModule: Creating AISystem for world Level1
[2021.12.14-11.06.14:731][  0]LogLoad: Game class is 'GameModeBase'
[2021.12.14-11.06.14:732][  0]LogWorld: Bringing World /Game/Maps/Level1.Level1 up for play (max tick rate 0) at 2021.12.14-16.36.14
[2021.12.14-11.06.14:732][  0]LogWorld: Bringing up level for play took: 0.000680
[2021.12.14-11.06.14:734][  0]LogLoad: Took 0.032172 seconds to LoadMap(/Game/Maps/Level1)
[2021.12.14-11.06.14:793][  0]LogSlate: Took 0.000331 seconds to synchronously load lazily loaded font '../../../Engine/Content/Slate/Fonts/Roboto-Regular.ttf' (155K)
[2021.12.14-11.06.14:831][  0]LogRenderer: Reallocating scene render targets to support 1920x1080 Format 10 NumSamples 1 (Frame:1).
[2021.12.14-11.06.14:831][  0]LogRHI: Display: ShaderPipelineCache: Paused Batching. 1
[2021.12.14-11.06.14:831][  0]LogPakFile: AllPaks IndexSizes: DirectoryHashSize=200332, PathHashSize=16, EntriesSize=32752, TotalSize=233100
[2021.12.14-11.06.14:831][  0]LogRHI: Display: ShaderPipelineCache: Resumed Batching. 0
[2021.12.14-11.06.14:831][  0]LogRHI: Display: ShaderPipelineCache: Batching Resumed.
[2021.12.14-11.06.14:831][  0]LogInit: Display: Engine is initialized. Leaving FEngineLoop::Init()
[2021.12.14-11.06.14:831][  0]LogLoad: (Engine Initialization) Total time: 1.60 seconds
[2021.12.14-11.06.14:835][  0]LogContentStreaming: Texture pool size now 1000 MB
[2021.12.14-11.06.14:836][  0]LogSlate: InvalidateAllWidgets triggered.  All widgets were invalidated
[2021.12.14-11.06.14:938][  0]LogSlate: Slate font cache was flushed
[2021.12.14-11.06.14:940][  1]LogSlate: Took 0.000250 seconds to synchronously load lazily loaded font '../../../Engine/Content/Slate/Fonts/Roboto-Regular.ttf' (155K)
[2021.12.14-11.06.29:227][256]LogBlueprintUserMessages: [Level1_C_31] Well Done. You completed the game in : 14.39 seconds
[2021.12.14-11.06.34:229][478]LogNet: Browse: /Game/Maps/Level1
[2021.12.14-11.06.34:229][478]LogLoad: LoadMap: /Game/Maps/Level1
[2021.12.14-11.06.34:229][478]LogWorld: BeginTearingDown for /Game/Maps/Level1
[2021.12.14-11.06.34:229][478]LogWorld: UWorld::CleanupWorld for Level1, bSessionEnded=true, bCleanupResources=true
[2021.12.14-11.06.34:230][478]LogSlate: InvalidateAllWidgets triggered.  All widgets were invalidated
[2021.12.14-11.06.34:267][478]LogAudio: Display: Audio Device unregistered from world 'None'.
[2021.12.14-11.06.34:268][478]LogUObjectHash: Compacting FUObjectHashTables data took   0.89ms
[2021.12.14-11.06.34:270][478]LogStreaming: Display: FlushAsyncLoading: 1 QueuedPackages, 0 AsyncPackages
[2021.12.14-11.06.34:280][478]LogAudio: Display: Audio Device (ID: 1) registered with world 'Level1'.
[2021.12.14-11.06.34:281][478]LogAIModule: Creating AISystem for world Level1
[2021.12.14-11.06.34:281][478]LogLoad: Game class is 'GameModeBase'
[2021.12.14-11.06.34:282][478]LogWorld: Bringing World /Game/Maps/Level1.Level1 up for play (max tick rate 0) at 2021.12.14-16.36.34
[2021.12.14-11.06.34:282][478]LogWorld: Bringing up level for play took: 0.000470
[2021.12.14-11.06.34:283][478]LogLoad: Took 0.053721 seconds to LoadMap(/Game/Maps/Level1)
[2021.12.14-11.06.37:852][312]LogNet: Browse: /Game/Maps/Level1
[2021.12.14-11.06.37:852][312]LogLoad: LoadMap: /Game/Maps/Level1
[2021.12.14-11.06.37:852][312]LogWorld: BeginTearingDown for /Game/Maps/Level1
[2021.12.14-11.06.37:852][312]LogWorld: UWorld::CleanupWorld for Level1, bSessionEnded=true, bCleanupResources=true
[2021.12.14-11.06.37:853][312]LogSlate: InvalidateAllWidgets triggered.  All widgets were invalidated
[2021.12.14-11.06.37:887][312]LogAudio: Display: Audio Device unregistered from world 'None'.
[2021.12.14-11.06.37:888][312]LogUObjectHash: Compacting FUObjectHashTables data took   0.75ms
[2021.12.14-11.06.37:890][312]LogStreaming: Display: FlushAsyncLoading: 1 QueuedPackages, 0 AsyncPackages
[2021.12.14-11.06.37:900][312]LogAudio: Display: Audio Device (ID: 1) registered with world 'Level1'.
[2021.12.14-11.06.37:901][312]LogAIModule: Creating AISystem for world Level1
[2021.12.14-11.06.37:901][312]LogLoad: Game class is 'GameModeBase'
[2021.12.14-11.06.37:902][312]LogWorld: Bringing World /Game/Maps/Level1.Level1 up for play (max tick rate 0) at 2021.12.14-16.36.37
[2021.12.14-11.06.37:902][312]LogWorld: Bringing up level for play took: 0.000514
[2021.12.14-11.06.37:903][312]LogLoad: Took 0.050855 seconds to LoadMap(/Game/Maps/Level1)
[2021.12.14-11.06.38:331][410]LogNet: Browse: /Game/Maps/Level1
[2021.12.14-11.06.38:331][410]LogLoad: LoadMap: /Game/Maps/Level1
[2021.12.14-11.06.38:331][410]LogWorld: BeginTearingDown for /Game/Maps/Level1
[2021.12.14-11.06.38:331][410]LogWorld: UWorld::CleanupWorld for Level1, bSessionEnded=true, bCleanupResources=true
[2021.12.14-11.06.38:331][410]LogSlate: InvalidateAllWidgets triggered.  All widgets were invalidated
[2021.12.14-11.06.38:357][410]LogAudio: Display: Audio Device unregistered from world 'None'.
[2021.12.14-11.06.38:359][410]LogUObjectHash: Compacting FUObjectHashTables data took   0.75ms
[2021.12.14-11.06.38:361][410]LogStreaming: Display: FlushAsyncLoading: 1 QueuedPackages, 0 AsyncPackages
[2021.12.14-11.06.38:371][410]LogAudio: Display: Audio Device (ID: 1) registered with world 'Level1'.
[2021.12.14-11.06.38:371][410]LogAIModule: Creating AISystem for world Level1
[2021.12.14-11.06.38:371][410]LogLoad: Game class is 'GameModeBase'
[2021.12.14-11.06.38:372][410]LogWorld: Bringing World /Game/Maps/Level1.Level1 up for play (max tick rate 0) at 2021.12.14-16.36.38
[2021.12.14-11.06.38:372][410]LogWorld: Bringing up level for play took: 0.000521
[2021.12.14-11.06.38:373][410]LogLoad: Took 0.042914 seconds to LoadMap(/Game/Maps/Level1)
[2021.12.14-11.06.38:652][470]LogNet: Browse: /Game/Maps/Level1
[2021.12.14-11.06.38:652][470]LogLoad: LoadMap: /Game/Maps/Level1
[2021.12.14-11.06.38:652][470]LogWorld: BeginTearingDown for /Game/Maps/Level1
[2021.12.14-11.06.38:652][470]LogWorld: UWorld::CleanupWorld for Level1, bSessionEnded=true, bCleanupResources=true
[2021.12.14-11.06.38:653][470]LogSlate: InvalidateAllWidgets triggered.  All widgets were invalidated
[2021.12.14-11.06.38:677][470]LogAudio: Display: Audio Device unregistered from world 'None'.
[2021.12.14-11.06.38:678][470]LogUObjectHash: Compacting FUObjectHashTables data took   0.56ms
[2021.12.14-11.06.38:681][470]LogStreaming: Display: FlushAsyncLoading: 1 QueuedPackages, 0 AsyncPackages
[2021.12.14-11.06.38:690][470]LogAudio: Display: Audio Device (ID: 1) registered with world 'Level1'.
[2021.12.14-11.06.38:691][470]LogAIModule: Creating AISystem for world Level1
[2021.12.14-11.06.38:691][470]LogLoad: Game class is 'GameModeBase'
[2021.12.14-11.06.38:692][470]LogWorld: Bringing World /Game/Maps/Level1.Level1 up for play (max tick rate 0) at 2021.12.14-16.36.38
[2021.12.14-11.06.38:693][470]LogWorld: Bringing up level for play took: 0.000593
[2021.12.14-11.06.38:694][470]LogLoad: Took 0.041436 seconds to LoadMap(/Game/Maps/Level1)
[2021.12.14-11.06.41:005][ 15]Closing by request
[2021.12.14-11.06.41:005][ 15]LogWindows: FPlatformMisc::RequestExit(0)
[2021.12.14-11.06.41:005][ 15]LogWindows: FPlatformMisc::RequestExitWithStatus(0, 0)
[2021.12.14-11.06.41:005][ 15]LogCore: Engine exit requested (reason: Win RequestExit)
[2021.12.14-11.06.41:009][ 16]LogCore: Engine exit requested (reason: EngineExit() was called; note: exit was already requested)
[2021.12.14-11.06.41:009][ 16]LogInit: Display: PreExit Game.
[2021.12.14-11.06.41:025][ 16]LogWorld: BeginTearingDown for /Game/Maps/Level1
[2021.12.14-11.06.41:025][ 16]LogWorld: UWorld::CleanupWorld for Level1, bSessionEnded=true, bCleanupResources=true
[2021.12.14-11.06.41:025][ 16]LogSlate: InvalidateAllWidgets triggered.  All widgets were invalidated
[2021.12.14-11.06.41:536][ 16]LogAudio: Display: Beginning Audio Device Manager Shutdown (Module: AudioMixerXAudio2)...
[2021.12.14-11.06.41:536][ 16]LogAudio: Display: Destroying 1 Remaining Audio Device(s)...
[2021.12.14-11.06.41:536][ 16]LogAudio: Display: Audio Device unregistered from world 'Level1'.
[2021.12.14-11.06.41:537][ 16]LogAudioMixer: FMixerPlatformXAudio2::StopAudioStream() called
[2021.12.14-11.06.41:537][ 16]LogAudioMixer: FMixerPlatformXAudio2::StopAudioStream() called
[2021.12.14-11.06.41:543][ 16]LogAudio: Display: Audio Device Manager Shutdown
[2021.12.14-11.06.41:543][ 16]LogSlate: Request Window 'MarbleRun (64-bit Development PCD3D_SM5) ' being destroyed
[2021.12.14-11.06.41:547][ 16]LogSlate: Window 'MarbleRun (64-bit Development PCD3D_SM5) ' being destroyed
[2021.12.14-11.06.41:548][ 16]LogWindowsTextInputMethodSystem: Display: IME system deactivated.
[2021.12.14-11.06.41:558][ 16]LogExit: Preparing to exit.
[2021.12.14-11.06.41:558][ 16]LogMoviePlayer: Shutting down movie player
[2021.12.14-11.06.41:561][ 16]LogSlate: Updating window title bar state: overlay mode, drag disabled, window buttons hidden, title bar hidden
[2021.12.14-11.06.41:565][ 16]LogDemo: Cleaned up 0 splitscreen connections with owner deletion
[2021.12.14-11.06.41:568][ 16]LogExit: Game engine shut down
[2021.12.14-11.06.41:584][ 16]LogExit: Object subsystem successfully closed.
[2021.12.14-11.06.41:598][ 16]LogModuleManager: Shutting down and abandoning module AutomationController (358)
[2021.12.14-11.06.41:598][ 16]LogModuleManager: Shutting down and abandoning module AutomationWorker (356)
[2021.12.14-11.06.41:598][ 16]LogModuleManager: Shutting down and abandoning module Voice (354)
[2021.12.14-11.06.41:598][ 16]LogModuleManager: Shutting down and abandoning module AIModule (352)
[2021.12.14-11.06.41:598][ 16]LogModuleManager: Shutting down and abandoning module GameplayDebugger (351)
[2021.12.14-11.06.41:598][ 16]LogModuleManager: Shutting down and abandoning module NavigationSystem (349)
[2021.12.14-11.06.41:598][ 16]LogModuleManager: Shutting down and abandoning module WebMMediaFactory (346)
[2021.12.14-11.06.41:598][ 16]LogModuleManager: Shutting down and abandoning module WebMMedia (344)
[2021.12.14-11.06.41:598][ 16]LogModuleManager: Shutting down and abandoning module OpenXRInput (342)
[2021.12.14-11.06.41:598][ 16]LogModuleManager: Shutting down and abandoning module OculusMR (340)
[2021.12.14-11.06.41:598][ 16]LogModuleManager: Shutting down and abandoning module WmfMediaFactory (338)
[2021.12.14-11.06.41:598][ 16]LogModuleManager: Shutting down and abandoning module OpenExrWrapper (336)
[2021.12.14-11.06.41:598][ 16]LogModuleManager: Shutting down and abandoning module ImgMediaFactory (334)
[2021.12.14-11.06.41:598][ 16]LogModuleManager: Shutting down and abandoning module AvfMediaFactory (332)
[2021.12.14-11.06.41:598][ 16]LogModuleManager: Shutting down and abandoning module CharacterAI (330)
[2021.12.14-11.06.41:598][ 16]LogModuleManager: Shutting down and abandoning module PlanarCut (328)
[2021.12.14-11.06.41:598][ 16]LogModuleManager: Shutting down and abandoning module SessionServices (326)
[2021.12.14-11.06.41:598][ 16]LogModuleManager: Shutting down and abandoning module LiveCoding (324)
[2021.12.14-11.06.41:598][ 16]LogModuleManager: Shutting down and abandoning module LevelSequence (322)
[2021.12.14-11.06.41:598][ 16]LogModuleManager: Shutting down and abandoning module MovieSceneTracks (320)
[2021.12.14-11.06.41:598][ 16]LogModuleManager: Shutting down and abandoning module MovieScene (318)
[2021.12.14-11.06.41:598][ 16]LogModuleManager: Shutting down and abandoning module StreamingPauseRendering (316)
[2021.12.14-11.06.41:598][ 16]LogModuleManager: Shutting down and abandoning module AudioMixerXAudio2 (314)
[2021.12.14-11.06.41:598][ 16]LogModuleManager: Shutting down and abandoning module AudioMixerCore (313)
[2021.12.14-11.06.41:598][ 16]LogModuleManager: Shutting down and abandoning module ImageWriteQueue (310)
[2021.12.14-11.06.41:598][ 16]LogModuleManager: Shutting down and abandoning module ProfilerService (308)
[2021.12.14-11.06.41:792][ 16]LogModuleManager: Shutting down and abandoning module TaskGraph (306)
[2021.12.14-11.06.41:792][ 16]LogModuleManager: Shutting down and abandoning module Synthesis (304)
[2021.12.14-11.06.41:792][ 16]LogModuleManager: Shutting down and abandoning module TakeMovieScene (302)
[2021.12.14-11.06.41:792][ 16]LogModuleManager: Shutting down and abandoning module LiveLinkMovieScene (300)
[2021.12.14-11.06.41:792][ 16]LogModuleManager: Shutting down and abandoning module LiveLinkComponents (298)
[2021.12.14-11.06.41:792][ 16]LogModuleManager: Shutting down and abandoning module LiveLink (296)
[2021.12.14-11.06.42:452][ 16]LogModuleManager: Shutting down and abandoning module OculusInput (294)
[2021.12.14-11.06.42:452][ 16]LogModuleManager: Shutting down and abandoning module MobilePatchingUtils (292)
[2021.12.14-11.06.42:452][ 16]LogModuleManager: Shutting down and abandoning module GooglePAD (290)
[2021.12.14-11.06.42:452][ 16]LogModuleManager: Shutting down and abandoning module CustomMeshComponent (288)
[2021.12.14-11.06.42:452][ 16]LogModuleManager: Shutting down and abandoning module CableComponent (286)
[2021.12.14-11.06.42:452][ 16]LogModuleManager: Shutting down and abandoning module AudioCapture (284)
[2021.12.14-11.06.42:452][ 16]LogModuleManager: Shutting down and abandoning module AudioCaptureRtAudio (283)
[2021.12.14-11.06.42:452][ 16]LogModuleManager: Shutting down and abandoning module AssetTags (280)
[2021.12.14-11.06.42:452][ 16]LogModuleManager: Shutting down and abandoning module ArchVisCharacter (278)
[2021.12.14-11.06.42:452][ 16]LogModuleManager: Shutting down and abandoning module AppleImageUtils (276)
[2021.12.14-11.06.42:452][ 16]LogModuleManager: Shutting down and abandoning module AndroidPermission (274)
[2021.12.14-11.06.42:452][ 16]LogModuleManager: Shutting down and abandoning module ActorLayerUtilities (272)
[2021.12.14-11.06.42:452][ 16]LogModuleManager: Shutting down and abandoning module MediaCompositing (270)
[2021.12.14-11.06.42:452][ 16]LogModuleManager: Shutting down and abandoning module ImgMedia (268)
[2021.12.14-11.06.42:452][ 16]LogModuleManager: Shutting down and abandoning module MagicLeapLightEstimation (266)
[2021.12.14-11.06.42:452][ 16]LogModuleManager: Shutting down and abandoning module MagicLeapHelperVulkan (264)
[2021.12.14-11.06.42:452][ 16]LogModuleManager: Shutting down and abandoning module MagicLeapHelperOpenGL (262)
[2021.12.14-11.06.42:452][ 16]LogModuleManager: Shutting down and abandoning module MagicLeapAudio (260)
[2021.12.14-11.06.42:452][ 16]LogModuleManager: Shutting down and abandoning module MagicLeapSharedWorld (258)
[2021.12.14-11.06.42:452][ 16]LogModuleManager: Shutting down and abandoning module OpenImageDenoise (256)
[2021.12.14-11.06.42:452][ 16]LogModuleManager: Shutting down and abandoning module MotoSynth (254)
[2021.12.14-11.06.42:452][ 16]LogModuleManager: Shutting down and abandoning module ChaosNiagara (252)
[2021.12.14-11.06.42:452][ 16]LogModuleManager: Shutting down and abandoning module ProceduralMeshComponent (250)
[2021.12.14-11.06.42:452][ 16]LogModuleManager: Shutting down and abandoning module GeometryCollectionTracks (248)
[2021.12.14-11.06.42:452][ 16]LogModuleManager: Shutting down and abandoning module EditableMesh (246)
[2021.12.14-11.06.42:452][ 16]LogModuleManager: Shutting down and abandoning module MeshConversion (244)
[2021.12.14-11.06.42:452][ 16]LogModuleManager: Shutting down and abandoning module DynamicMesh (242)
[2021.12.14-11.06.42:452][ 16]LogModuleManager: Shutting down and abandoning module GeometryAlgorithms (240)
[2021.12.14-11.06.42:452][ 16]LogModuleManager: Shutting down and abandoning module GeometricObjects (238)
[2021.12.14-11.06.42:452][ 16]LogModuleManager: Shutting down and abandoning module BackChannel (236)
[2021.12.14-11.06.42:452][ 16]LogModuleManager: Shutting down and abandoning module AutomationUtils (234)
[2021.12.14-11.06.42:452][ 16]LogModuleManager: Shutting down and abandoning module GeometryCacheTracks (232)
[2021.12.14-11.06.42:452][ 16]LogModuleManager: Shutting down and abandoning module GeometryCache (230)
[2021.12.14-11.06.42:452][ 16]LogModuleManager: Shutting down and abandoning module UObjectPlugin (228)
[2021.12.14-11.06.42:452][ 16]LogModuleManager: Shutting down and abandoning module OodleNetworkHandlerComponent (226)
[2021.12.14-11.06.42:452][ 16]LogModuleManager: Shutting down and abandoning module TemplateSequence (224)
[2021.12.14-11.06.42:452][ 16]LogModuleManager: Shutting down and abandoning module AudioSynesthesia (222)
[2021.12.14-11.06.42:452][ 16]LogModuleManager: Shutting down and abandoning module AudioSynesthesiaCore (220)
[2021.12.14-11.06.42:452][ 16]LogModuleManager: Shutting down and abandoning module SoundFields (218)
[2021.12.14-11.06.42:452][ 16]LogModuleManager: Shutting down and abandoning module RuntimePhysXCooking (216)
[2021.12.14-11.06.42:452][ 16]LogModuleManager: Shutting down and abandoning module LocationServicesBPLibrary (212)
[2021.12.14-11.06.42:452][ 16]LogModuleManager: Shutting down and abandoning module ActorSequence (210)
[2021.12.14-11.06.42:452][ 16]LogModuleManager: Shutting down and abandoning module UdpMessaging (208)
[2021.12.14-11.06.42:452][ 16]LogModuleManager: Shutting down and abandoning module TcpMessaging (206)
[2021.12.14-11.06.42:452][ 16]LogModuleManager: Shutting down and abandoning module ImgMediaEngine (204)
[2021.12.14-11.06.42:452][ 16]LogModuleManager: Shutting down and abandoning module MagicLeapHandMeshing (202)
[2021.12.14-11.06.42:452][ 16]LogModuleManager: Shutting down and abandoning module MagicLeapSecureStorage (200)
[2021.12.14-11.06.42:453][ 16]LogModuleManager: Shutting down and abandoning module MagicLeapPrivileges (198)
[2021.12.14-11.06.42:453][ 16]LogModuleManager: Shutting down and abandoning module MagicLeapPlanes (196)
[2021.12.14-11.06.42:453][ 16]LogModuleManager: Shutting down and abandoning module MagicLeapImageTracker (194)
[2021.12.14-11.06.42:453][ 16]LogModuleManager: Shutting down and abandoning module MagicLeapIdentity (192)
[2021.12.14-11.06.42:453][ 16]LogModuleManager: Shutting down and abandoning module MagicLeapHandTracking (190)
[2021.12.14-11.06.42:453][ 16]LogModuleManager: Shutting down and abandoning module MagicLeapEyeTracker (188)
[2021.12.14-11.06.42:453][ 16]LogModuleManager: Shutting down and abandoning module MagicLeapController (186)
[2021.12.14-11.06.42:453][ 16]LogModuleManager: Shutting down and abandoning module MagicLeapARPinImpl (184)
[2021.12.14-11.06.42:453][ 16]LogModuleManager: Shutting down and abandoning module MagicLeapAR (182)
[2021.12.14-11.06.42:453][ 16]LogModuleManager: Shutting down and abandoning module MagicLeapARPin (180)
[2021.12.14-11.06.42:453][ 16]LogModuleManager: Shutting down and abandoning module NiagaraAnimNotifies (178)
[2021.12.14-11.06.42:453][ 16]LogModuleManager: Shutting down and abandoning module Niagara (176)
[2021.12.14-11.06.42:453][ 16]LogModuleManager: Shutting down and abandoning module SignalProcessing (175)
[2021.12.14-11.06.42:453][ 16]LogModuleManager: Shutting down and abandoning module NiagaraCore (172)
[2021.12.14-11.06.42:453][ 16]LogModuleManager: Shutting down and abandoning module FacialAnimation (170)
[2021.12.14-11.06.42:453][ 16]LogModuleManager: Shutting down and abandoning module SignificanceManager (168)
[2021.12.14-11.06.42:453][ 16]LogModuleManager: Shutting down and abandoning module AnimationSharing (166)
[2021.12.14-11.06.42:453][ 16]LogModuleManager: Shutting down and abandoning module GameplayCameras (164)
[2021.12.14-11.06.42:453][ 16]LogModuleManager: Shutting down and abandoning module LightPropagationVolumeRuntime (162)
[2021.12.14-11.06.42:453][ 16]LogModuleManager: Shutting down and abandoning module Paper2D (160)
[2021.12.14-11.06.42:453][ 16]LogModuleManager: Shutting down and abandoning module WindowsMoviePlayer (158)
[2021.12.14-11.06.42:453][ 16]LogModuleManager: Shutting down and abandoning module WebMMoviePlayer (156)
[2021.12.14-11.06.42:453][ 16]LogModuleManager: Shutting down and abandoning module NetworkReplayStreaming (154)
[2021.12.14-11.06.42:453][ 16]LogModuleManager: Shutting down and abandoning module PacketHandler (152)
[2021.12.14-11.06.42:453][ 16]LogModuleManager: Shutting down and abandoning module ClothingSystemRuntimeNv (150)
[2021.12.14-11.06.42:453][ 16]LogModuleManager: Shutting down and abandoning module MediaAssets (148)
[2021.12.14-11.06.42:453][ 16]LogModuleManager: Shutting down and abandoning module Overlay (146)
[2021.12.14-11.06.42:453][ 16]LogModuleManager: Shutting down and abandoning module FunctionalTesting (144)
[2021.12.14-11.06.42:453][ 16]LogModuleManager: Shutting down and abandoning module MessageLog (142)
[2021.12.14-11.06.42:453][ 16]LogModuleManager: Shutting down and abandoning module UMG (140)
[2021.12.14-11.06.42:453][ 16]LogModuleManager: Shutting down and abandoning module SlateReflector (138)
[2021.12.14-11.06.42:453][ 16]LogModuleManager: Shutting down and abandoning module Slate (136)
[2021.12.14-11.06.42:453][ 16]LogModuleManager: Shutting down and abandoning module SlateCore (134)
[2021.12.14-11.06.42:454][ 16]LogModuleManager: Shutting down and abandoning module MRMesh (132)
[2021.12.14-11.06.42:454][ 16]LogModuleManager: Shutting down and abandoning module Messaging (130)
[2021.12.14-11.06.42:454][ 16]LogModuleManager: Shutting down and abandoning module HeadMountedDisplay (128)
[2021.12.14-11.06.42:454][ 16]LogModuleManager: Shutting down and abandoning module XAudio2 (126)
[2021.12.14-11.06.42:454][ 16]LogModuleManager: Shutting down and abandoning module Networking (124)
[2021.12.14-11.06.42:454][ 16]LogModuleManager: Shutting down and abandoning module Core (122)
[2021.12.14-11.06.42:454][ 16]LogModuleManager: Shutting down and abandoning module FieldSystemEngine (120)
[2021.12.14-11.06.42:454][ 16]LogModuleManager: Shutting down and abandoning module ImageWrapper (116)
[2021.12.14-11.06.42:454][ 16]LogModuleManager: Shutting down and abandoning module D3D11RHI (114)
[2021.12.14-11.06.42:454][ 16]LogModuleManager: Shutting down and abandoning module InputCore (112)
[2021.12.14-11.06.42:454][ 16]LogModuleManager: Shutting down and abandoning module Settings (110)
[2021.12.14-11.06.42:454][ 16]LogModuleManager: Shutting down and abandoning module PhysXCooking (108)
[2021.12.14-11.06.42:454][ 16]LogModuleManager: Shutting down and abandoning module Chaos (106)
[2021.12.14-11.06.42:454][ 16]LogModuleManager: Shutting down and abandoning module WindowsPlatformFeatures (104)
[2021.12.14-11.06.42:454][ 16]LogModuleManager: Shutting down and abandoning module GameplayMediaEncoder (103)
[2021.12.14-11.06.42:454][ 16]LogModuleManager: Shutting down and abandoning module AVEncoder (102)
[2021.12.14-11.06.42:454][ 16]LogModuleManager: Shutting down and abandoning module SteamVRInputDevice (98)
[2021.12.14-11.06.42:454][ 16]LogModuleManager: Shutting down and abandoning module SteamVRInput (96)
[2021.12.14-11.06.42:454][ 16]LogModuleManager: Shutting down and abandoning module SteamVR (94)
[2021.12.14-11.06.42:454][ 16]LogHMD: Freeing OpenVRDLLHandle.
[2021.12.14-11.06.42:454][ 16]LogModuleManager: Shutting down and abandoning module OpenXRHandTracking (92)
[2021.12.14-11.06.42:454][ 16]LogSlate: Slate User Destroyed.  User Index 0, Is Virtual User: 0
[2021.12.14-11.06.42:454][ 16]LogModuleManager: Shutting down and abandoning module OpenXRAR (90)
[2021.12.14-11.06.42:454][ 16]LogModuleManager: Shutting down and abandoning module AugmentedReality (89)
[2021.12.14-11.06.42:454][ 16]LogModuleManager: Shutting down and abandoning module OpenXRHMD (86)
[2021.12.14-11.06.42:455][ 16]LogModuleManager: Shutting down and abandoning module OpenXREyeTracker (84)
[2021.12.14-11.06.42:455][ 16]LogModuleManager: Shutting down and abandoning module OculusHMD (82)
[2021.12.14-11.06.42:455][ 16]LogModuleManager: Shutting down and abandoning module ExampleDeviceProfileSelector (80)
[2021.12.14-11.06.42:455][ 16]LogModuleManager: Shutting down and abandoning module ChunkDownloader (78)
[2021.12.14-11.06.42:455][ 16]LogModuleManager: Shutting down and abandoning module LauncherChunkInstaller (76)
[2021.12.14-11.06.42:455][ 16]LogModuleManager: Shutting down and abandoning module OnlineSubsystem (72)
[2021.12.14-11.06.42:455][ 16]LogModuleManager: Shutting down and abandoning module HTTP (67)
[2021.12.14-11.06.42:455][ 16]LogHttp: Display: cleaning up 0 outstanding Http requests.
[2021.12.14-11.06.42:467][ 16]LogModuleManager: Shutting down and abandoning module SSL (66)
[2021.12.14-11.06.42:467][ 16]LogModuleManager: Shutting down and abandoning module WmfMedia (62)
[2021.12.14-11.06.42:468][ 16]LogModuleManager: Shutting down and abandoning module Media (61)
[2021.12.14-11.06.42:468][ 16]LogModuleManager: Shutting down and abandoning module MediaInfo (60)
[2021.12.14-11.06.42:468][ 16]LogModuleManager: Shutting down and abandoning module ExrReaderGpu (56)
[2021.12.14-11.06.42:468][ 16]LogModuleManager: Shutting down and abandoning module MLSDK (54)
[2021.12.14-11.06.42:468][ 16]LogModuleManager: Shutting down and abandoning module MagicLeap (52)
[2021.12.14-11.06.42:468][ 16]LogModuleManager: Shutting down and abandoning module NiagaraVertexFactories (50)
[2021.12.14-11.06.42:468][ 16]LogModuleManager: Shutting down and abandoning module NiagaraShader (48)
[2021.12.14-11.06.42:468][ 16]LogModuleManager: Shutting down and abandoning module ChaosCloth (46)
[2021.12.14-11.06.42:468][ 16]LogModuleManager: Shutting down and abandoning module VariantManagerContent (44)
[2021.12.14-11.06.42:468][ 16]LogModuleManager: Shutting down and abandoning module DatasmithContent (42)
[2021.12.14-11.06.42:469][ 16]LogModuleManager: Shutting down and abandoning module PixWinPlugin (40)
[2021.12.14-11.06.42:469][ 16]LogModuleManager: Shutting down and abandoning module AISupportModule (38)
[2021.12.14-11.06.42:469][ 16]LogModuleManager: Shutting down and abandoning module PlatformCryptoOpenSSL (36)
[2021.12.14-11.06.42:469][ 16]LogModuleManager: Shutting down and abandoning module PlatformCryptoTypes (34)
[2021.12.14-11.06.42:469][ 16]LogModuleManager: Shutting down and abandoning module PlatformCrypto (32)
[2021.12.14-11.06.42:469][ 16]LogModuleManager: Shutting down and abandoning module PythonScriptPluginPreload (30)
[2021.12.14-11.06.42:469][ 16]LogModuleManager: Shutting down and abandoning module OodleDataCompressionFormat (28)
[2021.12.14-11.06.42:469][ 16]LogModuleManager: Shutting down and abandoning module RenderCore (26)
[2021.12.14-11.06.42:469][ 16]LogModuleManager: Shutting down and abandoning module Landscape (24)
[2021.12.14-11.06.42:469][ 16]LogModuleManager: Shutting down and abandoning module SlateRHIRenderer (22)
[2021.12.14-11.06.42:469][ 16]LogModuleManager: Shutting down and abandoning module AnimGraphRuntime (20)
[2021.12.14-11.06.42:469][ 16]LogModuleManager: Shutting down and abandoning module Renderer (18)
[2021.12.14-11.06.42:469][ 16]LogModuleManager: Shutting down and abandoning module Engine (16)
[2021.12.14-11.06.42:469][ 16]LogModuleManager: Shutting down and abandoning module CoreUObject (14)
[2021.12.14-11.06.42:469][ 16]LogModuleManager: Shutting down and abandoning module NetworkFile (12)
[2021.12.14-11.06.42:469][ 16]LogModuleManager: Shutting down and abandoning module CookedIterativeFile (10)
[2021.12.14-11.06.42:469][ 16]LogModuleManager: Shutting down and abandoning module StreamingFile (8)
[2021.12.14-11.06.42:469][ 16]LogModuleManager: Shutting down and abandoning module SandboxFile (6)
[2021.12.14-11.06.42:469][ 16]LogModuleManager: Shutting down and abandoning module PakFile (4)
[2021.12.14-11.06.42:470][ 16]LogModuleManager: Shutting down and abandoning module RSA (3)
[2021.12.14-11.06.42:470][ 16]LogContentStreaming: Display: There are 1 unreleased StreamingManagers
[2021.12.14-11.06.42:473][ 16]LogD3D11RHI: Shutdown
[2021.12.14-11.06.42:473][ 16]LogD3D11RHI: CleanupD3DDevice
[2021.12.14-11.06.42:474][ 16]LogExit: Exiting.
[2021.12.14-11.06.42:477][ 16]Log file closed, 12/14/21 16:36:42
